This is pdfTeX, Version 3.141592653-2.6-1.40.27 (TeX Live 2025) (preloaded format=latex 2025.3.8)  31 JAN 2026 09:22
entering extended mode
 restricted \write18 enabled.
 %&-line parsing enabled.
**\makeatletter\def\HCode{\futurelet\HCode\HChar}\def\HChar{\ifx"\HCode\def\HCo
de"##1"{\Link##1}\expandafter\HCode\else\expandafter\Link\fi}\def\Link#1.a.b.c.
{\let\HCode\documentstyle\def\documentstyle{\let\documentstyle\HCode\expandafte
r\def\csname tex4ht\endcsname{#1,html}\def\HCode####1{\documentstyle[tex4ht,}\@
ifnextchar[{\HCode}{\documentstyle[tex4ht]}}\RequirePackage[#1,html]{tex4ht}\Re
quirePackage{tex4ebook}\Configure{ext}{xhtml}}\makeatother\HCode xhtml,mathml,c
harset=utf-8,charset=utf-8,epub3,html5,uni-html4.a.b.c.\input "\detokenize{ece6
57_ebook.tex}"
(/usr/local/texlive/2025/texmf-dist/tex/generic/tex4ht/tex4ht.sty
version 2025-12-14-13:41
Package: tex4ht 
--------------------------------------
--- Note --- for _ at preamble, use the command line option `early_'
--------------------------------------
--------------------------------------
--- Note --- for ^ at preamble, use the command line option `early^'
--------------------------------------
\tmp:toks=\toks17
) (/usr/local/texlive/2025/texmf-dist/tex/generic/tex4ht/usepackage.4ht
version 2025-08-27-10:30
) (/usr/local/texlive/2025/texmf-dist/tex/latex/tex4ebook/tex4ebook.sty
Package: tex4ebook 2025-07-13 version v0.4c
(/usr/local/texlive/2025/texmf-dist/tex/latex/etoolbox/etoolbox.sty
Package: etoolbox 2025/02/11 v2.5l e-TeX tools for LaTeX (JAW)
\etb@tempcnta=\count196
) (/usr/local/texlive/2025/texmf-dist/tex/latex/kvoptions/kvoptions.sty
Package: kvoptions 2022-06-15 v3.15 Key value format for package options (HO)
(/usr/local/texlive/2025/texmf-dist/tex/latex/graphics/keyval.sty
Package: keyval 2022/05/29 v1.15 key=value parser (DPC)
\KV@toks@=\toks18
) (/usr/local/texlive/2025/texmf-dist/tex/generic/ltxcmds/ltxcmds.sty
Package: ltxcmds 2023-12-04 v1.26 LaTeX kernel commands for general use (HO)
) (/usr/local/texlive/2025/texmf-dist/tex/latex/kvsetkeys/kvsetkeys.sty
Package: kvsetkeys 2022-10-05 v1.19 Key value parser (HO)
)) (/usr/local/texlive/2025/texmf-dist/tex/latex/graphics/graphicx.sty
Package: graphicx 2021/09/16 v1.2d Enhanced LaTeX Graphics (DPC,SPQR)
(/usr/local/texlive/2025/texmf-dist/tex/generic/tex4ht/graphics-hooks.4ht
version 2022-08-17-14:25
) (/usr/local/texlive/2025/texmf-dist/tex/latex/graphics/graphics.sty
Package: graphics 2024/08/06 v1.4g Standard LaTeX Graphics (DPC,SPQR)
(/usr/local/texlive/2025/texmf-dist/tex/latex/graphics/trig.sty
Package: trig 2023/12/02 v1.11 sin cos tan (DPC)
) (/usr/local/texlive/2025/texmf-dist/tex/latex/graphics-cfg/graphics.cfg
File: graphics.cfg 2016/06/04 v1.11 sample graphics configuration
)
Package graphics Info: Driver file: dvips.def on input line 106.
(/usr/local/texlive/2025/texmf-dist/tex/latex/graphics-def/dvips.def
File: dvips.def 2022/09/22 v3.1e Graphics/color driver for dvips
))
\Gin@req@height=\dimen141
\Gin@req@width=\dimen142
)) (./ece657_ebook.tex (/usr/local/texlive/2025/texmf-dist/tex/latex/base/artic
le.cls
Document Class: article 2024/06/29 v1.4n Standard LaTeX document class
(/usr/local/texlive/2025/texmf-dist/tex/latex/base/size11.clo
File: size11.clo 2024/06/29 v1.4n Standard LaTeX file (size option)
)
\c@part=\count197
\c@section=\count198
\c@subsection=\count199
\c@subsubsection=\count266
\c@paragraph=\count267
\c@subparagraph=\count268
\c@figure=\count269
\c@table=\count270
\abovecaptionskip=\skip49
\belowcaptionskip=\skip50
\bibindent=\dimen143
) (/usr/local/texlive/2025/texmf-dist/tex/latex/amsmath/amsmath.sty
Package: amsmath 2024/11/05 v2.17t AMS math features
\@mathmargin=\skip51
For additional information on amsmath, use the `?' option.
(/usr/local/texlive/2025/texmf-dist/tex/latex/amsmath/amstext.sty
Package: amstext 2021/08/26 v2.01 AMS text
(/usr/local/texlive/2025/texmf-dist/tex/latex/amsmath/amsgen.sty
File: amsgen.sty 1999/11/30 v2.0 generic functions
\@emptytoks=\toks19
\ex@=\dimen144
)) (/usr/local/texlive/2025/texmf-dist/tex/latex/amsmath/amsbsy.sty
Package: amsbsy 1999/11/29 v1.2d Bold Symbols
\pmbraise@=\dimen145
) (/usr/local/texlive/2025/texmf-dist/tex/latex/amsmath/amsopn.sty
Package: amsopn 2022/04/08 v2.04 operator names
)
\inf@bad=\count271
LaTeX Info: Redefining \frac on input line 233.
\uproot@=\count272
\leftroot@=\count273
LaTeX Info: Redefining \overline on input line 398.
LaTeX Info: Redefining \colon on input line 409.
\classnum@=\count274
\DOTSCASE@=\count275
LaTeX Info: Redefining \ldots on input line 495.
LaTeX Info: Redefining \dots on input line 498.
LaTeX Info: Redefining \cdots on input line 619.
\Mathstrutbox@=\box52
\strutbox@=\box53
LaTeX Info: Redefining \big on input line 721.
LaTeX Info: Redefining \Big on input line 722.
LaTeX Info: Redefining \bigg on input line 723.
LaTeX Info: Redefining \Bigg on input line 724.
\big@size=\dimen146
LaTeX Font Info:    Redeclaring font encoding OML on input line 742.
LaTeX Font Info:    Redeclaring font encoding OMS on input line 743.
\macc@depth=\count276
LaTeX Info: Redefining \bmod on input line 904.
LaTeX Info: Redefining \pmod on input line 909.
LaTeX Info: Redefining \smash on input line 939.
LaTeX Info: Redefining \relbar on input line 969.
LaTeX Info: Redefining \Relbar on input line 970.
\c@MaxMatrixCols=\count277
\dotsspace@=\muskip17
\c@parentequation=\count278
\dspbrk@lvl=\count279
\tag@help=\toks20
\row@=\count280
\column@=\count281
\maxfields@=\count282
\andhelp@=\toks21
\eqnshift@=\dimen147
\alignsep@=\dimen148
\tagshift@=\dimen149
\tagwidth@=\dimen150
\totwidth@=\dimen151
\lineht@=\dimen152
\@envbody=\toks22
\multlinegap=\skip52
\multlinetaggap=\skip53
\mathdisplay@stack=\toks23
LaTeX Info: Redefining \[ on input line 2953.
LaTeX Info: Redefining \] on input line 2954.
) (/usr/local/texlive/2025/texmf-dist/tex/latex/amsfonts/amssymb.sty
Package: amssymb 2013/01/14 v3.01 AMS font symbols
(/usr/local/texlive/2025/texmf-dist/tex/latex/amsfonts/amsfonts.sty
Package: amsfonts 2013/01/14 v3.01 Basic AMSFonts support
\symAMSa=\mathgroup4
\symAMSb=\mathgroup5
LaTeX Font Info:    Redeclaring math symbol \hbar on input line 98.
LaTeX Font Info:    Overwriting math alphabet `\mathfrak' in version `bold'
(Font)                  U/euf/m/n --> U/euf/b/n on input line 106.
)) (/usr/local/texlive/2025/texmf-dist/tex/latex/amscls/amsthm.sty
Package: amsthm 2020/05/29 v2.20.6
\thm@style=\toks24
\thm@bodyfont=\toks25
\thm@headfont=\toks26
\thm@notefont=\toks27
\thm@headpunct=\toks28
\thm@preskip=\skip54
\thm@postskip=\skip55
\thm@headsep=\skip56
\dth@everypar=\toks29
) (/usr/local/texlive/2025/texmf-dist/tex/latex/physics/physics.sty
Package: physics 
(/usr/local/texlive/2025/texmf-dist/tex/latex/l3packages/xparse/xparse.sty (/us
r/local/texlive/2025/texmf-dist/tex/generic/tex4ht/expl3-hooks.4ht
version 2020-10-17-13:53
) (/usr/local/texlive/2025/texmf-dist/tex/latex/l3kernel/expl3.sty
Package: expl3 2025-01-18 L3 programming layer (loader) 
(/usr/local/texlive/2025/texmf-dist/tex/latex/l3backend/l3backend-dvips.def
File: l3backend-dvips.def 2024-05-08 L3 backend support: dvips
\l__pdf_internal_box=\box54
\l__pdf_backend_content_box=\box55
\l__pdf_backend_model_box=\box56
\g__pdf_backend_annotation_int=\count283
\g__pdf_backend_link_int=\count284
\g__pdf_backend_link_sf_int=\count285
))
Package: xparse 2024-08-16 L3 Experimental document command parser
)) (/usr/local/texlive/2025/texmf-dist/tex/latex/siunitx/siunitx.sty
Package: siunitx 2025-02-27 v3.4.6 A comprehensive (SI) units package
\l__siunitx_number_uncert_offset_int=\count286
\l__siunitx_number_exponent_fixed_int=\count287
\l__siunitx_number_min_decimal_int=\count288
\l__siunitx_number_min_integer_int=\count289
\l__siunitx_number_round_precision_int=\count290
\l__siunitx_number_lower_threshold_int=\count291
\l__siunitx_number_upper_threshold_int=\count292
\l__siunitx_number_group_first_int=\count293
\l__siunitx_number_group_size_int=\count294
\l__siunitx_number_group_minimum_int=\count295
\l__siunitx_angle_tmp_dim=\dimen153
\l__siunitx_angle_marker_box=\box57
\l__siunitx_angle_unit_box=\box58
\l__siunitx_compound_count_int=\count296
(/usr/local/texlive/2025/texmf-dist/tex/latex/translations/translations.sty
Package: translations 2022/02/05 v1.12 internationalization of LaTeX2e packages
 (CN)
(/usr/local/texlive/2025/texmf-dist/tex/generic/pdftexcmds/pdftexcmds.sty
Package: pdftexcmds 2020-06-27 v0.33 Utility functions of pdfTeX for LuaTeX (HO
)
(/usr/local/texlive/2025/texmf-dist/tex/generic/infwarerr/infwarerr.sty
Package: infwarerr 2019/12/03 v1.5 Providing info/warning/error messages (HO)
) (/usr/local/texlive/2025/texmf-dist/tex/generic/iftex/iftex.sty
Package: iftex 2024/12/12 v1.0g TeX engine tests
)
Package pdftexcmds Info: \pdf@primitive is available.
Package pdftexcmds Info: \pdf@ifprimitive is available.
Package pdftexcmds Info: \pdfdraftmode is ignored in DVI mode.
))
\l__siunitx_table_tmp_box=\box59
\l__siunitx_table_tmp_dim=\dimen154
\l__siunitx_table_column_width_dim=\dimen155
\l__siunitx_table_integer_box=\box60
\l__siunitx_table_decimal_box=\box61
\l__siunitx_table_uncert_box=\box62
\l__siunitx_table_before_box=\box63
\l__siunitx_table_after_box=\box64
\l__siunitx_table_before_dim=\dimen156
\l__siunitx_table_carry_dim=\dimen157
\l__siunitx_unit_tmp_int=\count297
\l__siunitx_unit_position_int=\count298
\l__siunitx_unit_total_int=\count299
(/usr/local/texlive/2025/texmf-dist/tex/latex/tools/array.sty
Package: array 2024/10/17 v2.6g Tabular extension package (FMi)
\col@sep=\dimen158
\ar@mcellbox=\box65
\extrarowheight=\dimen159
\NC@list=\toks30
\extratabsurround=\skip57
\backup@length=\skip58
\ar@cellbox=\box66
)) (/usr/local/texlive/2025/texmf-dist/tex/generic/tex4ht/hyperref-hooks.4ht
version 2023-09-17-08:01
) (/usr/local/texlive/2025/texmf-dist/tex/latex/hyperref/hyperref.sty
Package: hyperref 2024-11-05 v7.01l Hypertext links for LaTeX
(/usr/local/texlive/2025/texmf-dist/tex/generic/kvdefinekeys/kvdefinekeys.sty
Package: kvdefinekeys 2019-12-19 v1.6 Define keys (HO)
) (/usr/local/texlive/2025/texmf-dist/tex/generic/pdfescape/pdfescape.sty
Package: pdfescape 2019/12/09 v1.15 Implements pdfTeX's escape features (HO)
) (/usr/local/texlive/2025/texmf-dist/tex/latex/hycolor/hycolor.sty
Package: hycolor 2020-01-27 v1.10 Color options for hyperref/bookmark (HO)
) (/usr/local/texlive/2025/texmf-dist/tex/latex/hyperref/nameref.sty
Package: nameref 2023-11-26 v2.56 Cross-referencing by name of section
(/usr/local/texlive/2025/texmf-dist/tex/latex/refcount/refcount.sty
Package: refcount 2019/12/15 v3.6 Data extraction from label references (HO)
)
(/usr/local/texlive/2025/texmf-dist/tex/generic/gettitlestring/gettitlestring.s
ty
Package: gettitlestring 2019/12/15 v1.6 Cleanup title references (HO)
)
\c@section@level=\count300
) (/usr/local/texlive/2025/texmf-dist/tex/generic/stringenc/stringenc.sty
Package: stringenc 2019/11/29 v1.12 Convert strings between diff. encodings (HO
)
)
\@linkdim=\dimen160
\Hy@linkcounter=\count301
\Hy@pagecounter=\count302
(/usr/local/texlive/2025/texmf-dist/tex/latex/hyperref/pd1enc.def
File: pd1enc.def 2024-11-05 v7.01l Hyperref: PDFDocEncoding definition (HO)
Now handling font encoding PD1 ...
... no UTF-8 mapping file for font encoding PD1
) (/usr/local/texlive/2025/texmf-dist/tex/generic/intcalc/intcalc.sty
Package: intcalc 2019/12/15 v1.3 Expandable calculations with integers (HO)
)
\Hy@SavedSpaceFactor=\count303
(/usr/local/texlive/2025/texmf-dist/tex/latex/hyperref/puenc.def
File: puenc.def 2024-11-05 v7.01l Hyperref: PDF Unicode definition (HO)
Now handling font encoding PU ...
... no UTF-8 mapping file for font encoding PU
)
Package hyperref Info: Option `colorlinks' set `true' on input line 4040.
Package hyperref Info: Hyper figures OFF on input line 4157.
Package hyperref Info: Link nesting OFF on input line 4162.
Package hyperref Info: Hyper index ON on input line 4165.
Package hyperref Info: Plain pages OFF on input line 4172.
Package hyperref Info: Backreferencing OFF on input line 4177.
Package hyperref Info: Implicit mode ON; LaTeX internals redefined.
Package hyperref Info: Bookmarks ON on input line 4424.
\c@Hy@tempcnt=\count304
(/usr/local/texlive/2025/texmf-dist/tex/latex/url/url.sty
\Urlmuskip=\muskip18
Package: url 2013/09/16  ver 3.4  Verb mode for urls, etc.
)
LaTeX Info: Redefining \url on input line 4763.
\XeTeXLinkMargin=\dimen161
(/usr/local/texlive/2025/texmf-dist/tex/generic/bitset/bitset.sty
Package: bitset 2019/12/09 v1.3 Handle bit-vector datatype (HO)
(/usr/local/texlive/2025/texmf-dist/tex/generic/bigintcalc/bigintcalc.sty
Package: bigintcalc 2019/12/15 v1.5 Expandable calculations on big integers (HO
)
))
\Fld@menulength=\count305
\Field@Width=\dimen162
\Fld@charsize=\dimen163
\Field@toks=\toks31
Package hyperref Info: Hyper figures OFF on input line 6042.
Package hyperref Info: Link nesting OFF on input line 6047.
Package hyperref Info: Hyper index ON on input line 6050.
Package hyperref Info: backreferencing OFF on input line 6057.
Package hyperref Info: Link coloring ON on input line 6060.
Package hyperref Info: Link coloring with OCG OFF on input line 6067.
Package hyperref Info: PDF/A mode OFF on input line 6072.
(/usr/local/texlive/2025/texmf-dist/tex/latex/base/atbegshi-ltx.sty
Package: atbegshi-ltx 2021/01/10 v1.0c Emulation of the original atbegshi
package with kernel methods
)
\Hy@abspage=\count306

Package hyperref Message: Stopped early.

)
Package hyperref Info: Driver: htex4ht.
(/usr/local/texlive/2025/texmf-dist/tex/latex/hyperref/htex4ht.def
File: htex4ht.def 2024-11-05 v7.01l Hyperref driver for TeX4ht
Package hyperref Info: tex4ht is already loaded.
) (/usr/local/texlive/2025/texmf-dist/tex/generic/tex4ht/cleveref-hooks.4ht
version 2021-06-30-14:33
) (/usr/local/texlive/2025/texmf-dist/tex/latex/cleveref/cleveref.sty
Package: cleveref 2018/03/27 v0.21.4 Intelligent cross-referencing
Package cleveref Info: `hyperref' support loaded on input line 2370.
LaTeX Info: Redefining \cref on input line 2370.
LaTeX Info: Redefining \Cref on input line 2370.
LaTeX Info: Redefining \crefrange on input line 2370.
LaTeX Info: Redefining \Crefrange on input line 2370.
LaTeX Info: Redefining \cpageref on input line 2370.
LaTeX Info: Redefining \Cpageref on input line 2370.
LaTeX Info: Redefining \cpagerefrange on input line 2370.
LaTeX Info: Redefining \Cpagerefrange on input line 2370.
LaTeX Info: Redefining \labelcref on input line 2370.
LaTeX Info: Redefining \labelcpageref on input line 2370.
Package cleveref Info: `amsthm' support loaded on input line 3026.
) (/usr/local/texlive/2025/texmf-dist/tex/latex/hyphenat/hyphenat.sty
Package: hyphenat 2009/09/02 v2.3c hyphenation utilities
\langwohyphens=\language90
LaTeX Info: Redefining \_ on input line 43.
) (/usr/local/texlive/2025/texmf-dist/tex/generic/tex4ht/enumitem-hooks.4ht
version 2024-09-09-13:35
) (/usr/local/texlive/2025/texmf-dist/tex/latex/enumitem/enumitem.sty
Package: enumitem 2025/02/06 v3.11 Customized lists
\labelindent=\skip59
\enit@outerparindent=\dimen164
\enit@toks=\toks32
\enit@inbox=\box67
\enit@count@id=\count307
\enitdp@description=\count308
) (/usr/local/texlive/2025/texmf-dist/tex/generic/tex4ht/caption-hooks.4ht
version 2022-11-20-07:09
) (/usr/local/texlive/2025/texmf-dist/tex/latex/caption/caption.sty
Package: caption 2023/08/05 v3.6o Customizing captions (AR)
(/usr/local/texlive/2025/texmf-dist/tex/latex/caption/caption3.sty
Package: caption3 2023/07/31 v2.4d caption3 kernel (AR)
\caption@tempdima=\dimen165
\captionmargin=\dimen166
\caption@leftmargin=\dimen167
\caption@rightmargin=\dimen168
\caption@width=\dimen169
\caption@indent=\dimen170
\caption@parindent=\dimen171
\caption@hangindent=\dimen172
Package caption Info: Standard document class detected.
)
\c@caption@flags=\count309
\c@continuedfloat=\count310
Package caption Info: hyperref package is loaded.
Package caption Info: Hyperref support is turned off
(caption)             because hyperref has stopped early.
) (/usr/local/texlive/2025/texmf-dist/tex/latex/caption/subcaption.sty
Package: subcaption 2023/07/28 v1.6b Sub-captions (AR)
(/usr/local/texlive/2025/texmf-dist/tex/generic/tex4ht/caption-hooks.4ht
version 2022-11-20-07:09
)
Package caption Info: New subtype `subfigure' on input line 238.
\c@subfigure=\count311
Package caption Info: New subtype `subtable' on input line 238.
\c@subtable=\count312
) (/usr/local/texlive/2025/texmf-dist/tex/latex/setspace/setspace.sty
Package: setspace 2022/12/04 v6.7b set line spacing
) (/usr/local/texlive/2025/texmf-dist/tex/generic/tex4ht/titlesec-hooks.4ht
version 2023-04-03-14:42
) (/usr/local/texlive/2025/texmf-dist/tex/latex/titlesec/titlesec.sty
Package: titlesec 2025/01/04 v2.17 Sectioning titles
\ttl@box=\box68
\beforetitleunit=\skip60
\aftertitleunit=\skip61
\ttl@plus=\dimen173
\ttl@minus=\dimen174
\ttl@toksa=\toks33
\titlewidth=\dimen175
\titlewidthlast=\dimen176
\titlewidthfirst=\dimen177
) (/usr/local/texlive/2025/texmf-dist/tex/latex/placeins/placeins.sty
Package: placeins 2005/04/18  v 2.2
) (/usr/local/texlive/2025/texmf-dist/tex/generic/tex4ht/xcolor-hooks.4ht
version 2020-10-17-13:53
) (/usr/local/texlive/2025/texmf-dist/tex/latex/xcolor/xcolor.sty
Package: xcolor 2024/09/29 v3.02 LaTeX color extensions (UK)
(/usr/local/texlive/2025/texmf-dist/tex/latex/graphics-cfg/color.cfg
File: color.cfg 2016/01/02 v1.6 sample color configuration
)
Package xcolor Info: Driver file: dvips.def on input line 274.
(/usr/local/texlive/2025/texmf-dist/tex/latex/graphics/mathcolor.ltx)
Package xcolor Info: Model `cmy' substituted by `cmy0' on input line 1349.
Package xcolor Info: Model `RGB' extended on input line 1365.
Package xcolor Info: Model `HTML' substituted by `rgb' on input line 1367.
Package xcolor Info: Model `Hsb' substituted by `hsb' on input line 1368.
Package xcolor Info: Model `tHsb' substituted by `hsb' on input line 1369.
Package xcolor Info: Model `HSB' substituted by `hsb' on input line 1370.
Package xcolor Info: Model `Gray' substituted by `gray' on input line 1371.
Package xcolor Info: Model `wave' substituted by `hsb' on input line 1372.
) (/usr/local/texlive/2025/texmf-dist/tex/generic/tex4ht/bookmark-hooks.4ht
version 2022-07-07-14:08
) (/usr/local/texlive/2025/texmf-dist/tex/latex/bookmark/bookmark.sty
Package: bookmark 2023-12-10 v1.31 PDF bookmarks (HO)
(/usr/local/texlive/2025/texmf-dist/tex/generic/tex4ht/hyperref-hooks.4ht
version 2023-09-17-08:01
)

Package bookmark Warning: Draft mode on.

) (/usr/local/texlive/2025/texmf-dist/tex/latex/booktabs/booktabs.sty
Package: booktabs 2020/01/12 v1.61803398 Publication quality tables
\heavyrulewidth=\dimen178
\lightrulewidth=\dimen179
\cmidrulewidth=\dimen180
\belowrulesep=\dimen181
\belowbottomsep=\dimen182
\aboverulesep=\dimen183
\abovetopsep=\dimen184
\cmidrulesep=\dimen185
\cmidrulekern=\dimen186
\defaultaddspace=\dimen187
\@cmidla=\count313
\@cmidlb=\count314
\@aboverulesep=\dimen188
\@belowrulesep=\dimen189
\@thisruleclass=\count315
\@lastruleclass=\count316
\@thisrulewidth=\dimen190
) (/usr/local/texlive/2025/texmf-dist/tex/latex/tools/tabularx.sty
Package: tabularx 2023/12/11 v2.12a `tabularx' package (DPC)
\TX@col@width=\dimen191
\TX@old@table=\dimen192
\TX@old@col=\dimen193
\TX@target=\dimen194
\TX@delta=\dimen195
\TX@cols=\count317
\TX@ftn=\toks34
) (/usr/local/texlive/2025/texmf-dist/tex/generic/tex4ht/tikz-hooks.4ht
version 2025-11-20-13:54
*****************************
TeX4ht info: Using dvisvgm4ht TikZ driver. Put \def \pgfsysdriver {driver-name}
 to your document before use of TikZ if you want to another driver. Use tikz+ o
ption if your TikZ pictures use patterns.
) (/usr/local/texlive/2025/texmf-dist/tex/latex/pgf/frontendlayer/tikz.sty (/us
r/local/texlive/2025/texmf-dist/tex/generic/tex4ht/pgf-hooks.4ht
version 2024-01-15-14:00
) (/usr/local/texlive/2025/texmf-dist/tex/latex/pgf/basiclayer/pgf.sty (/usr/lo
cal/texlive/2025/texmf-dist/tex/latex/pgf/utilities/pgfrcs.sty
(/usr/local/texlive/2025/texmf-dist/tex/generic/pgf/utilities/pgfutil-common.te
x
\pgfutil@everybye=\toks35
\pgfutil@tempdima=\dimen196
\pgfutil@tempdimb=\dimen197
)
(/usr/local/texlive/2025/texmf-dist/tex/generic/pgf/utilities/pgfutil-latex.def
\pgfutil@abb=\box69
) (/usr/local/texlive/2025/texmf-dist/tex/generic/pgf/utilities/pgfrcs.code.tex
(/usr/local/texlive/2025/texmf-dist/tex/generic/pgf/pgf.revision.tex)
Package: pgfrcs 2023-01-15 v3.1.10 (3.1.10)
))
Package: pgf 2023-01-15 v3.1.10 (3.1.10)
(/usr/local/texlive/2025/texmf-dist/tex/latex/pgf/basiclayer/pgfcore.sty (/usr/
local/texlive/2025/texmf-dist/tex/latex/pgf/systemlayer/pgfsys.sty
(/usr/local/texlive/2025/texmf-dist/tex/generic/pgf/systemlayer/pgfsys.code.tex
Package: pgfsys 2023-01-15 v3.1.10 (3.1.10)
(/usr/local/texlive/2025/texmf-dist/tex/generic/pgf/utilities/pgfkeys.code.tex
\pgfkeys@pathtoks=\toks36
\pgfkeys@temptoks=\toks37

(/usr/local/texlive/2025/texmf-dist/tex/generic/pgf/utilities/pgfkeyslibraryfil
tered.code.tex
\pgfkeys@tmptoks=\toks38
))
\pgf@x=\dimen198
\pgf@y=\dimen199
\pgf@xa=\dimen256
\pgf@ya=\dimen257
\pgf@xb=\dimen258
\pgf@yb=\dimen259
\pgf@xc=\dimen260
\pgf@yc=\dimen261
\pgf@xd=\dimen262
\pgf@yd=\dimen263
\w@pgf@writea=\write3
\r@pgf@reada=\read2
\c@pgf@counta=\count318
\c@pgf@countb=\count319
\c@pgf@countc=\count320
\c@pgf@countd=\count321
\t@pgf@toka=\toks39
\t@pgf@tokb=\toks40
\t@pgf@tokc=\toks41
\pgf@sys@id@count=\count322
(/usr/local/texlive/2025/texmf-dist/tex/generic/pgf/systemlayer/pgf.cfg
File: pgf.cfg 2023-01-15 v3.1.10 (3.1.10)
)
Driver file for pgf: pgfsys-dvisvgm4ht.def

(/usr/local/texlive/2025/texmf-dist/tex/generic/pgf/systemlayer/pgfsys-dvisvgm4
ht.def
File: pgfsys-dvisvgm4ht.def 2023-01-15 v3.1.10 (3.1.10)

(/usr/local/texlive/2025/texmf-dist/tex/generic/pgf/systemlayer/pgfsys-dvips.de
f
File: pgfsys-dvips.def 2023-01-15 v3.1.10 (3.1.10)

(/usr/local/texlive/2025/texmf-dist/tex/generic/pgf/systemlayer/pgfsys-common-p
ostscript.def
File: pgfsys-common-postscript.def 2023-01-15 v3.1.10 (3.1.10)
\pgf@objectcount=\count323
))))
(/usr/local/texlive/2025/texmf-dist/tex/generic/pgf/systemlayer/pgfsyssoftpath.
code.tex
File: pgfsyssoftpath.code.tex 2023-01-15 v3.1.10 (3.1.10)
\pgfsyssoftpath@smallbuffer@items=\count324
\pgfsyssoftpath@bigbuffer@items=\count325
)
(/usr/local/texlive/2025/texmf-dist/tex/generic/pgf/systemlayer/pgfsysprotocol.
code.tex
File: pgfsysprotocol.code.tex 2023-01-15 v3.1.10 (3.1.10)
)) (/usr/local/texlive/2025/texmf-dist/tex/generic/tex4ht/xcolor-hooks.4ht
version 2020-10-17-13:53
)
(/usr/local/texlive/2025/texmf-dist/tex/generic/pgf/basiclayer/pgfcore.code.tex
Package: pgfcore 2023-01-15 v3.1.10 (3.1.10)
(/usr/local/texlive/2025/texmf-dist/tex/generic/pgf/math/pgfmath.code.tex (/usr
/local/texlive/2025/texmf-dist/tex/generic/pgf/math/pgfmathutil.code.tex)
(/usr/local/texlive/2025/texmf-dist/tex/generic/pgf/math/pgfmathparser.code.tex
\pgfmath@dimen=\dimen264
\pgfmath@count=\count326
\pgfmath@box=\box70
\pgfmath@toks=\toks42
\pgfmath@stack@operand=\toks43
\pgfmath@stack@operation=\toks44
)
(/usr/local/texlive/2025/texmf-dist/tex/generic/pgf/math/pgfmathfunctions.code.
tex)
(/usr/local/texlive/2025/texmf-dist/tex/generic/pgf/math/pgfmathfunctions.basic
.code.tex)
(/usr/local/texlive/2025/texmf-dist/tex/generic/pgf/math/pgfmathfunctions.trigo
nometric.code.tex)
(/usr/local/texlive/2025/texmf-dist/tex/generic/pgf/math/pgfmathfunctions.rando
m.code.tex)
(/usr/local/texlive/2025/texmf-dist/tex/generic/pgf/math/pgfmathfunctions.compa
rison.code.tex)
(/usr/local/texlive/2025/texmf-dist/tex/generic/pgf/math/pgfmathfunctions.base.
code.tex)
(/usr/local/texlive/2025/texmf-dist/tex/generic/pgf/math/pgfmathfunctions.round
.code.tex)
(/usr/local/texlive/2025/texmf-dist/tex/generic/pgf/math/pgfmathfunctions.misc.
code.tex)
(/usr/local/texlive/2025/texmf-dist/tex/generic/pgf/math/pgfmathfunctions.integ
erarithmetics.code.tex) (/usr/local/texlive/2025/texmf-dist/tex/generic/pgf/mat
h/pgfmathcalc.code.tex) (/usr/local/texlive/2025/texmf-dist/tex/generic/pgf/mat
h/pgfmathfloat.code.tex
\c@pgfmathroundto@lastzeros=\count327
)) (/usr/local/texlive/2025/texmf-dist/tex/generic/pgf/math/pgfint.code.tex)
(/usr/local/texlive/2025/texmf-dist/tex/generic/pgf/basiclayer/pgfcorepoints.co
de.tex
File: pgfcorepoints.code.tex 2023-01-15 v3.1.10 (3.1.10)
\pgf@picminx=\dimen265
\pgf@picmaxx=\dimen266
\pgf@picminy=\dimen267
\pgf@picmaxy=\dimen268
\pgf@pathminx=\dimen269
\pgf@pathmaxx=\dimen270
\pgf@pathminy=\dimen271
\pgf@pathmaxy=\dimen272
\pgf@xx=\dimen273
\pgf@xy=\dimen274
\pgf@yx=\dimen275
\pgf@yy=\dimen276
\pgf@zx=\dimen277
\pgf@zy=\dimen278
)
(/usr/local/texlive/2025/texmf-dist/tex/generic/pgf/basiclayer/pgfcorepathconst
ruct.code.tex
File: pgfcorepathconstruct.code.tex 2023-01-15 v3.1.10 (3.1.10)
\pgf@path@lastx=\dimen279
\pgf@path@lasty=\dimen280
)
(/usr/local/texlive/2025/texmf-dist/tex/generic/pgf/basiclayer/pgfcorepathusage
.code.tex
File: pgfcorepathusage.code.tex 2023-01-15 v3.1.10 (3.1.10)
\pgf@shorten@end@additional=\dimen281
\pgf@shorten@start@additional=\dimen282
)
(/usr/local/texlive/2025/texmf-dist/tex/generic/pgf/basiclayer/pgfcorescopes.co
de.tex
File: pgfcorescopes.code.tex 2023-01-15 v3.1.10 (3.1.10)
\pgfpic=\box71
\pgf@hbox=\box72
\pgf@layerbox@main=\box73
\pgf@picture@serial@count=\count328
)
(/usr/local/texlive/2025/texmf-dist/tex/generic/pgf/basiclayer/pgfcoregraphicst
ate.code.tex
File: pgfcoregraphicstate.code.tex 2023-01-15 v3.1.10 (3.1.10)
\pgflinewidth=\dimen283
)
(/usr/local/texlive/2025/texmf-dist/tex/generic/pgf/basiclayer/pgfcoretransform
ations.code.tex
File: pgfcoretransformations.code.tex 2023-01-15 v3.1.10 (3.1.10)
\pgf@pt@x=\dimen284
\pgf@pt@y=\dimen285
\pgf@pt@temp=\dimen286
)
(/usr/local/texlive/2025/texmf-dist/tex/generic/pgf/basiclayer/pgfcorequick.cod
e.tex
File: pgfcorequick.code.tex 2023-01-15 v3.1.10 (3.1.10)
)
(/usr/local/texlive/2025/texmf-dist/tex/generic/pgf/basiclayer/pgfcoreobjects.c
ode.tex
File: pgfcoreobjects.code.tex 2023-01-15 v3.1.10 (3.1.10)
)
(/usr/local/texlive/2025/texmf-dist/tex/generic/pgf/basiclayer/pgfcorepathproce
ssing.code.tex
File: pgfcorepathprocessing.code.tex 2023-01-15 v3.1.10 (3.1.10)
)
(/usr/local/texlive/2025/texmf-dist/tex/generic/pgf/basiclayer/pgfcorearrows.co
de.tex
File: pgfcorearrows.code.tex 2023-01-15 v3.1.10 (3.1.10)
\pgfarrowsep=\dimen287
)
(/usr/local/texlive/2025/texmf-dist/tex/generic/pgf/basiclayer/pgfcoreshade.cod
e.tex
File: pgfcoreshade.code.tex 2023-01-15 v3.1.10 (3.1.10)
\pgf@max=\dimen288
\pgf@sys@shading@range@num=\count329
\pgf@shadingcount=\count330
)
(/usr/local/texlive/2025/texmf-dist/tex/generic/pgf/basiclayer/pgfcoreimage.cod
e.tex
File: pgfcoreimage.code.tex 2023-01-15 v3.1.10 (3.1.10)
)
(/usr/local/texlive/2025/texmf-dist/tex/generic/pgf/basiclayer/pgfcoreexternal.
code.tex
File: pgfcoreexternal.code.tex 2023-01-15 v3.1.10 (3.1.10)
\pgfexternal@startupbox=\box74
)
(/usr/local/texlive/2025/texmf-dist/tex/generic/pgf/basiclayer/pgfcorelayers.co
de.tex
File: pgfcorelayers.code.tex 2023-01-15 v3.1.10 (3.1.10)
)
(/usr/local/texlive/2025/texmf-dist/tex/generic/pgf/basiclayer/pgfcoretranspare
ncy.code.tex
File: pgfcoretransparency.code.tex 2023-01-15 v3.1.10 (3.1.10)
)
(/usr/local/texlive/2025/texmf-dist/tex/generic/pgf/basiclayer/pgfcorepatterns.
code.tex
File: pgfcorepatterns.code.tex 2023-01-15 v3.1.10 (3.1.10)
)
(/usr/local/texlive/2025/texmf-dist/tex/generic/pgf/basiclayer/pgfcorerdf.code.
tex
File: pgfcorerdf.code.tex 2023-01-15 v3.1.10 (3.1.10)
)))
(/usr/local/texlive/2025/texmf-dist/tex/generic/pgf/modules/pgfmoduleshapes.cod
e.tex
File: pgfmoduleshapes.code.tex 2023-01-15 v3.1.10 (3.1.10)
\pgfnodeparttextbox=\box75
)
(/usr/local/texlive/2025/texmf-dist/tex/generic/pgf/modules/pgfmoduleplot.code.
tex
File: pgfmoduleplot.code.tex 2023-01-15 v3.1.10 (3.1.10)
)
(/usr/local/texlive/2025/texmf-dist/tex/latex/pgf/compatibility/pgfcomp-version
-0-65.sty
Package: pgfcomp-version-0-65 2023-01-15 v3.1.10 (3.1.10)
\pgf@nodesepstart=\dimen289
\pgf@nodesepend=\dimen290
)
(/usr/local/texlive/2025/texmf-dist/tex/latex/pgf/compatibility/pgfcomp-version
-1-18.sty
Package: pgfcomp-version-1-18 2023-01-15 v3.1.10 (3.1.10)
)) (/usr/local/texlive/2025/texmf-dist/tex/latex/pgf/utilities/pgffor.sty (/usr
/local/texlive/2025/texmf-dist/tex/latex/pgf/utilities/pgfkeys.sty (/usr/local/
texlive/2025/texmf-dist/tex/generic/pgf/utilities/pgfkeys.code.tex)) (/usr/loca
l/texlive/2025/texmf-dist/tex/latex/pgf/math/pgfmath.sty (/usr/local/texlive/20
25/texmf-dist/tex/generic/pgf/math/pgfmath.code.tex)) (/usr/local/texlive/2025/
texmf-dist/tex/generic/pgf/utilities/pgffor.code.tex
Package: pgffor 2023-01-15 v3.1.10 (3.1.10)
\pgffor@iter=\dimen291
\pgffor@skip=\dimen292
\pgffor@stack=\toks45
\pgffor@toks=\toks46
))
(/usr/local/texlive/2025/texmf-dist/tex/generic/pgf/frontendlayer/tikz/tikz.cod
e.tex
Package: tikz 2023-01-15 v3.1.10 (3.1.10)

(/usr/local/texlive/2025/texmf-dist/tex/generic/pgf/libraries/pgflibraryplothan
dlers.code.tex
File: pgflibraryplothandlers.code.tex 2023-01-15 v3.1.10 (3.1.10)
\pgf@plot@mark@count=\count331
\pgfplotmarksize=\dimen293
)
\tikz@lastx=\dimen294
\tikz@lasty=\dimen295
\tikz@lastxsaved=\dimen296
\tikz@lastysaved=\dimen297
\tikz@lastmovetox=\dimen298
\tikz@lastmovetoy=\dimen299
\tikzleveldistance=\dimen300
\tikzsiblingdistance=\dimen301
\tikz@figbox=\box76
\tikz@figbox@bg=\box77
\tikz@tempbox=\box78
\tikz@tempbox@bg=\box79
\tikztreelevel=\count332
\tikznumberofchildren=\count333
\tikznumberofcurrentchild=\count334
\tikz@fig@count=\count335

(/usr/local/texlive/2025/texmf-dist/tex/generic/pgf/modules/pgfmodulematrix.cod
e.tex
File: pgfmodulematrix.code.tex 2023-01-15 v3.1.10 (3.1.10)
\pgfmatrixcurrentrow=\count336
\pgfmatrixcurrentcolumn=\count337
\pgf@matrix@numberofcolumns=\count338
)
\tikz@expandcount=\count339

(/usr/local/texlive/2025/texmf-dist/tex/generic/pgf/frontendlayer/tikz/librarie
s/tikzlibrarytopaths.code.tex
File: tikzlibrarytopaths.code.tex 2023-01-15 v3.1.10 (3.1.10)
)))
(/usr/local/texlive/2025/texmf-dist/tex/generic/pgf/frontendlayer/tikz/librarie
s/tikzlibrarypositioning.code.tex
File: tikzlibrarypositioning.code.tex 2023-01-15 v3.1.10 (3.1.10)
)
(/usr/local/texlive/2025/texmf-dist/tex/generic/pgf/libraries/pgflibraryarrows.
meta.code.tex
File: pgflibraryarrows.meta.code.tex 2023-01-15 v3.1.10 (3.1.10)
\pgfarrowinset=\dimen302
\pgfarrowlength=\dimen303
\pgfarrowwidth=\dimen304
\pgfarrowlinewidth=\dimen305
)
(/usr/local/texlive/2025/texmf-dist/tex/generic/pgf/frontendlayer/tikz/librarie
s/tikzlibrarydecorations.pathreplacing.code.tex
(/usr/local/texlive/2025/texmf-dist/tex/generic/pgf/frontendlayer/tikz/librarie
s/tikzlibrarydecorations.code.tex
(/usr/local/texlive/2025/texmf-dist/tex/generic/pgf/modules/pgfmoduledecoration
s.code.tex
\pgfdecoratedcompleteddistance=\dimen306
\pgfdecoratedremainingdistance=\dimen307
\pgfdecoratedinputsegmentcompleteddistance=\dimen308
\pgfdecoratedinputsegmentremainingdistance=\dimen309
\pgf@decorate@distancetomove=\dimen310
\pgf@decorate@repeatstate=\count340
\pgfdecorationsegmentamplitude=\dimen311
\pgfdecorationsegmentlength=\dimen312
)
\tikz@lib@dec@box=\box80
)
(/usr/local/texlive/2025/texmf-dist/tex/generic/pgf/libraries/decorations/pgfli
brarydecorations.pathreplacing.code.tex))
(/usr/local/texlive/2025/texmf-dist/tex/generic/pgf/frontendlayer/tikz/librarie
s/tikzlibrarycalc.code.tex
File: tikzlibrarycalc.code.tex 2023-01-15 v3.1.10 (3.1.10)
)
(/usr/local/texlive/2025/texmf-dist/tex/generic/pgf/frontendlayer/tikz/librarie
s/tikzlibraryshapes.geometric.code.tex
File: tikzlibraryshapes.geometric.code.tex 2023-01-15 v3.1.10 (3.1.10)

(/usr/local/texlive/2025/texmf-dist/tex/generic/pgf/libraries/shapes/pgflibrary
shapes.geometric.code.tex
File: pgflibraryshapes.geometric.code.tex 2023-01-15 v3.1.10 (3.1.10)
))
(/usr/local/texlive/2025/texmf-dist/tex/generic/pgf/frontendlayer/tikz/librarie
s/tikzlibrarymatrix.code.tex
File: tikzlibrarymatrix.code.tex 2023-01-15 v3.1.10 (3.1.10)
)
(/usr/local/texlive/2025/texmf-dist/tex/generic/pgf/frontendlayer/tikz/librarie
s/tikzlibrarybackgrounds.code.tex
File: tikzlibrarybackgrounds.code.tex 2023-01-15 v3.1.10 (3.1.10)
\pgf@layerbox@background=\box81
\pgf@layerboxsaved@background=\box82
) (/usr/local/texlive/2025/texmf-dist/tex/latex/pgfplots/pgfplots.sty (/usr/loc
al/texlive/2025/texmf-dist/tex/generic/pgfplots/pgfplots.revision.tex)
Package: pgfplots 2021/05/15 v1.18.1 Data Visualization (1.18.1)
(/usr/local/texlive/2025/texmf-dist/tex/generic/tex4ht/tikz-hooks.4ht
version 2025-11-20-13:54
) (/usr/local/texlive/2025/texmf-dist/tex/generic/pgfplots/pgfplots.code.tex (/
usr/local/texlive/2025/texmf-dist/tex/generic/pgfplots/pgfplotscore.code.tex
\t@pgfplots@toka=\toks47
\t@pgfplots@tokb=\toks48
\t@pgfplots@tokc=\toks49
\pgfplots@tmpa=\dimen313
\c@pgfplots@coordindex=\count341
\c@pgfplots@scanlineindex=\count342

(/usr/local/texlive/2025/texmf-dist/tex/generic/pgfplots/sys/pgfplotssysgeneric
.code.tex))
(/usr/local/texlive/2025/texmf-dist/tex/generic/pgfplots/libs/pgfplotslibrary.c
ode.tex)
(/usr/local/texlive/2025/texmf-dist/tex/generic/pgfplots/oldpgfcompatib/pgfplot
soldpgfsupp_loader.code.tex
(/usr/local/texlive/2025/texmf-dist/tex/generic/pgf/libraries/pgflibraryfpu.cod
e.tex)
Package pgfplots: loading complementary utilities for your pgf version...
\t@pgf@toka=\toks50
\t@pgf@tokb=\toks51
\t@pgf@tokc=\toks52

(/usr/local/texlive/2025/texmf-dist/tex/generic/pgfplots/oldpgfcompatib/pgfplot
soldpgfsupp_pgfutil-common-lists.tex))
(/usr/local/texlive/2025/texmf-dist/tex/generic/pgfplots/util/pgfplotsutil.code
.tex
(/usr/local/texlive/2025/texmf-dist/tex/generic/pgfplots/liststructure/pgfplots
liststructure.code.tex)
(/usr/local/texlive/2025/texmf-dist/tex/generic/pgfplots/liststructure/pgfplots
liststructureext.code.tex)
(/usr/local/texlive/2025/texmf-dist/tex/generic/pgfplots/liststructure/pgfplots
array.code.tex
\c@pgfplotsarray@tmp=\count343
)
(/usr/local/texlive/2025/texmf-dist/tex/generic/pgfplots/liststructure/pgfplots
matrix.code.tex)
(/usr/local/texlive/2025/texmf-dist/tex/generic/pgfplots/numtable/pgfplotstable
shared.code.tex
\c@pgfplotstable@counta=\count344
\t@pgfplotstable@a=\toks53
)
(/usr/local/texlive/2025/texmf-dist/tex/generic/pgfplots/liststructure/pgfplots
deque.code.tex)
(/usr/local/texlive/2025/texmf-dist/tex/generic/pgfplots/util/pgfplotsbinary.co
de.tex
(/usr/local/texlive/2025/texmf-dist/tex/generic/pgfplots/util/pgfplotsbinary.da
ta.code.tex))
(/usr/local/texlive/2025/texmf-dist/tex/generic/pgfplots/util/pgfplotsutil.verb
.code.tex)
(/usr/local/texlive/2025/texmf-dist/tex/generic/pgfplots/libs/pgflibrarypgfplot
s.surfshading.code.tex
\c@pgfplotslibrarysurf@no=\count345
))
(/usr/local/texlive/2025/texmf-dist/tex/generic/pgfplots/util/pgfplotscolormap.
code.tex
(/usr/local/texlive/2025/texmf-dist/tex/generic/pgfplots/util/pgfplotscolor.cod
e.tex))
(/usr/local/texlive/2025/texmf-dist/tex/generic/pgfplots/pgfplotsstackedplots.c
ode.tex)
(/usr/local/texlive/2025/texmf-dist/tex/generic/pgfplots/pgfplotsplothandlers.c
ode.tex
(/usr/local/texlive/2025/texmf-dist/tex/generic/pgfplots/pgfplotsmeshplothandle
r.code.tex
(/usr/local/texlive/2025/texmf-dist/tex/generic/pgfplots/pgfplotsmeshplotimage.
code.tex)))
(/usr/local/texlive/2025/texmf-dist/tex/generic/pgfplots/pgfplots.scaling.code.
tex)
(/usr/local/texlive/2025/texmf-dist/tex/generic/pgfplots/pgfplotscoordprocessin
g.code.tex)
(/usr/local/texlive/2025/texmf-dist/tex/generic/pgfplots/pgfplots.errorbars.cod
e.tex)
(/usr/local/texlive/2025/texmf-dist/tex/generic/pgfplots/pgfplots.markers.code.
tex)
(/usr/local/texlive/2025/texmf-dist/tex/generic/pgfplots/pgfplotsticks.code.tex
)
(/usr/local/texlive/2025/texmf-dist/tex/generic/pgfplots/pgfplots.paths.code.te
x)
(/usr/local/texlive/2025/texmf-dist/tex/generic/pgf/frontendlayer/tikz/librarie
s/tikzlibrarydecorations.pathmorphing.code.tex
(/usr/local/texlive/2025/texmf-dist/tex/generic/pgf/libraries/decorations/pgfli
brarydecorations.pathmorphing.code.tex))
(/usr/local/texlive/2025/texmf-dist/tex/generic/pgfplots/libs/tikzlibrarypgfplo
ts.contourlua.code.tex)
\pgfplots@numplots=\count346
\pgfplots@xmin@reg=\dimen314
\pgfplots@xmax@reg=\dimen315
\pgfplots@ymin@reg=\dimen316
\pgfplots@ymax@reg=\dimen317
\pgfplots@zmin@reg=\dimen318
\pgfplots@zmax@reg=\dimen319
)
(/usr/local/texlive/2025/texmf-dist/tex/generic/pgf/frontendlayer/tikz/librarie
s/tikzlibraryplotmarks.code.tex
File: tikzlibraryplotmarks.code.tex 2023-01-15 v3.1.10 (3.1.10)

(/usr/local/texlive/2025/texmf-dist/tex/generic/pgf/libraries/pgflibraryplotmar
ks.code.tex
File: pgflibraryplotmarks.code.tex 2023-01-15 v3.1.10 (3.1.10)
))) (/usr/local/texlive/2025/texmf-dist/tex/latex/natbib/natbib.sty
Package: natbib 2010/09/13 8.31b (PWD, AO)
\bibhang=\skip62
\bibsep=\skip63
LaTeX Info: Redefining \cite on input line 694.
\c@NAT@ctr=\count347
) (/usr/local/texlive/2025/texmf-dist/tex/latex/tcolorbox/tcolorbox.sty
Package: tcolorbox 2024/10/22 version 6.4.1 text color boxes
(/usr/local/texlive/2025/texmf-dist/tex/generic/tex4ht/tikz-hooks.4ht
version 2025-11-20-13:54
) (/usr/local/texlive/2025/texmf-dist/tex/latex/tools/verbatim.sty
Package: verbatim 2024-01-22 v1.5x LaTeX2e package for verbatim enhancements
\every@verbatim=\toks54
\verbatim@line=\toks55
\verbatim@in@stream=\read3
) (/usr/local/texlive/2025/texmf-dist/tex/latex/environ/environ.sty
Package: environ 2014/05/04 v0.3 A new way to define environments
(/usr/local/texlive/2025/texmf-dist/tex/latex/trimspaces/trimspaces.sty
Package: trimspaces 2009/09/17 v1.1 Trim spaces around a token list
))
\tcb@titlebox=\box83
\tcb@upperbox=\box84
\tcb@lowerbox=\box85
\tcb@phantombox=\box86
\c@tcbbreakpart=\count348
\c@tcblayer=\count349
\c@tcolorbox@number=\count350
\l__tcobox_tmpa_box=\box87
\l__tcobox_tmpa_dim=\dimen320
\tcb@temp=\box88
\tcb@temp=\box89
\tcb@temp=\box90
\tcb@temp=\box91
(/usr/local/texlive/2025/texmf-dist/tex/latex/tcolorbox/tcbraster.code.tex
Library (tcolorbox): 'tcbraster.code.tex' version '6.4.1'
\c@tcbrastercolumn=\count351
\c@tcbrasterrow=\count352
\c@tcbrasternum=\count353
\c@tcbraster=\count354
) (/usr/local/texlive/2025/texmf-dist/tex/latex/tcolorbox/tcbskins.code.tex
Library (tcolorbox): 'tcbskins.code.tex' version '6.4.1'
(/usr/local/texlive/2025/texmf-dist/tex/latex/tikzfill/tikzfill.image.sty
Package: tikzfill.image 2023/08/08 v1.0.1 Image filling library for TikZ
(/usr/local/texlive/2025/texmf-dist/tex/latex/tikzfill/tikzfill-common.sty
Package: tikzfill-common 2023/08/08 v1.0.1 Auxiliary code for tikzfill
(/usr/local/texlive/2025/texmf-dist/tex/generic/tex4ht/tikz-hooks.4ht
version 2025-11-20-13:54
))
(/usr/local/texlive/2025/texmf-dist/tex/latex/tikzfill/tikzlibraryfill.image.co
de.tex
File: tikzlibraryfill.image.code.tex 2023/08/08 v1.0.1 Image filling library
\l__tikzfill_img_box=\box92
))
(/usr/local/texlive/2025/texmf-dist/tex/latex/tcolorbox/tcbskinsjigsaw.code.tex
Library (tcolorbox): 'tcbskinsjigsaw.code.tex' version '6.4.1'
)) (/usr/local/texlive/2025/texmf-dist/tex/latex/tcolorbox/tcbbreakable.code.te
x
Library (tcolorbox): 'tcbbreakable.code.tex' version '6.4.1'
(/usr/local/texlive/2025/texmf-dist/tex/latex/pdfcol/pdfcol.sty
Package: pdfcol 2022-09-21 v1.7 Handle new color stacks for pdfTeX (HO)
Package pdfcol Info: Interface disabled because of missing PDF mode of pdfTeX.
)
Package pdfcol Info: pdfTeX's color stacks are not available.
\tcb@testbox=\box93
\tcb@totalupperbox=\box94
\tcb@totallowerbox=\box95
) (/usr/local/texlive/2025/texmf-dist/tex/latex/tcolorbox/tcbhooks.code.tex
Library (tcolorbox): 'tcbhooks.code.tex' version '6.4.1'
) (/usr/local/texlive/2025/texmf-dist/tex/latex/tcolorbox/tcbtheorems.code.tex
Library (tcolorbox): 'tcbtheorems.code.tex' version '6.4.1'
) (/usr/local/texlive/2025/texmf-dist/tex/latex/tcolorbox/tcbfitting.code.tex
Library (tcolorbox): 'tcbfitting.code.tex' version '6.4.1'
\tcbfitdim=\dimen321
\tcb@lowerfitdim=\dimen322
\tcb@upperfitdim=\dimen323
\tcb@cur@hbadness=\count355
)
(/usr/local/texlive/2025/texmf-dist/tex/latex/tcolorbox/tcblistingsutf8.code.te
x
Library (tcolorbox): 'tcblistingsutf8.code.tex' version '6.4.1'
(/usr/local/texlive/2025/texmf-dist/tex/latex/tcolorbox/tcblistings.code.tex
Library (tcolorbox): 'tcblistings.code.tex' version '6.4.1'
(/usr/local/texlive/2025/texmf-dist/tex/latex/listings/listings.sty
\lst@mode=\count356
\lst@gtempboxa=\box96
\lst@token=\toks56
\lst@length=\count357
\lst@currlwidth=\dimen324
\lst@column=\count358
\lst@pos=\count359
\lst@lostspace=\dimen325
\lst@width=\dimen326
\lst@newlines=\count360
\lst@lineno=\count361
\lst@maxwidth=\dimen327
(/usr/local/texlive/2025/texmf-dist/tex/latex/listings/lstpatch.sty
File: lstpatch.sty 2024/09/23 1.10c (Carsten Heinz)
) (/usr/local/texlive/2025/texmf-dist/tex/latex/listings/lstmisc.sty
File: lstmisc.sty 2024/09/23 1.10c (Carsten Heinz)
\c@lstnumber=\count362
\lst@skipnumbers=\count363
\lst@framebox=\box97
) (/usr/local/texlive/2025/texmf-dist/tex/latex/listings/listings.cfg
File: listings.cfg 2024/09/23 1.10c listings configuration
))
Package: listings 2024/09/23 1.10c (Carsten Heinz)

(/usr/local/texlive/2025/texmf-dist/tex/latex/tcolorbox/tcblistingscore.code.te
x
Library (tcolorbox): 'tcblistingscore.code.tex' version '6.4.1'
(/usr/local/texlive/2025/texmf-dist/tex/latex/tcolorbox/tcbprocessing.code.tex
Library (tcolorbox): 'tcbprocessing.code.tex' version '6.4.1'
)
\c@tcblisting=\count364
)) (/usr/local/texlive/2025/texmf-dist/tex/latex/listingsutf8/listingsutf8.sty
Package: listingsutf8 2019-12-10 v1.5 Allow UTF-8 in listings input (HO)
)) (/usr/local/texlive/2025/texmf-dist/tex/latex/tcolorbox/tcbexternal.code.tex
Library (tcolorbox): 'tcbexternal.code.tex' version '6.4.1'
) (/usr/local/texlive/2025/texmf-dist/tex/latex/tcolorbox/tcbmagazine.code.tex
Library (tcolorbox): 'tcbmagazine.code.tex' version '6.4.1'
) (/usr/local/texlive/2025/texmf-dist/tex/latex/tcolorbox/tcbvignette.code.tex
Library (tcolorbox): 'tcbvignette.code.tex' version '6.4.1'

(/usr/local/texlive/2025/texmf-dist/tex/generic/pgf/frontendlayer/tikz/librarie
s/tikzlibraryfadings.code.tex
File: tikzlibraryfadings.code.tex 2023-01-15 v3.1.10 (3.1.10)

(/usr/local/texlive/2025/texmf-dist/tex/generic/pgf/libraries/pgflibraryfadings
.code.tex
File: pgflibraryfadings.code.tex 2023-01-15 v3.1.10 (3.1.10)
))) (/usr/local/texlive/2025/texmf-dist/tex/latex/tcolorbox/tcbposter.code.tex
Library (tcolorbox): 'tcbposter.code.tex' version '6.4.1'
))
(/usr/local/texlive/2025/texmf-dist/tex/generic/pgfplots/libs/tikzlibrarypgfplo
ts.groupplots.code.tex
\pgfplots@group@current@plot=\count365
\pgfplots@group@current@row=\count366
\pgfplots@group@current@column=\count367
)
(/usr/local/texlive/2025/texmf-dist/tex/generic/pgfplots/libs/tikzlibrarypgfplo
ts.fillbetween.code.tex
(/usr/local/texlive/2025/texmf-dist/tex/generic/pgfplots/pgfcontrib/tikzlibrary
fillbetween.code.tex
(/usr/local/texlive/2025/texmf-dist/tex/generic/pgf/frontendlayer/tikz/librarie
s/tikzlibraryintersections.code.tex
(/usr/local/texlive/2025/texmf-dist/tex/generic/pgf/libraries/pgflibraryinterse
ctions.code.tex
\pgf@intersect@solutions=\count368
))
(/usr/local/texlive/2025/texmf-dist/tex/generic/pgfplots/pgfcontrib/tikzlibrary
decorations.softclip.code.tex
(/usr/local/texlive/2025/texmf-dist/tex/generic/pgfplots/pgfcontrib/pgflibraryf
illbetween.code.tex)))
(/usr/local/texlive/2025/texmf-dist/tex/generic/pgfplots/libs/tikzlibrarypgfplo
ts.decorations.softclip.code.tex)) (/usr/local/texlive/2025/texmf-dist/tex/gene
ric/tex4ht/tex4ht.4ht
version 2025-07-09-13:35
--------------------------------------
--- Note --- for additional information, use the command line option `info'
--------------------------------------
::::::::::::::::::::::::::::::::::::::::::
 TeX4ht info is available in the log file 
::::::::::::::::::::::::::::::::::::::::::
) (/usr/local/texlive/2025/texmf-dist/tex/generic/tex4ht/tex4ht.sty
version 2025-12-14-13:41
l.882 --- TeX4ht warning --- nonprimitive \everypar ---
--- needs --- tex4ht ece657_ebook ---
\tmp:cnt=\count369
\openout15 = `ece657_ebook.tmp'.

(./ece657_ebook.tmp)
\tmp:dim=\skip64
(./ece657_ebook.xref)
\:refout=\write4
\openout4 = `ece657_ebook.xref'.

(/usr/local/texlive/2025/texmf-dist/tex/generic/tex4ht/html4.4ht
version 2026-01-04-08:10
--------------------------------------
--- Note --- to remove the <?xml version=...?> processing instruction use the c
ommand line option `no-VERSION'
--------------------------------------
--------------------------------------
--- Note --- to remove the DOCTYPE declaration use the command line option `no-
DOCTYPE'
--------------------------------------
) (/usr/local/texlive/2025/texmf-dist/tex/generic/tex4ht/unicode.4ht
version 2026-01-04-08:10
) (/usr/local/texlive/2025/texmf-dist/tex/generic/tex4ht/mathml.4ht
version 2025-10-17-09:06
) (/usr/local/texlive/2025/texmf-dist/tex/generic/tex4ht/html-mml.4ht
version 2026-01-18-07:06
) (/usr/local/texlive/2025/texmf-dist/tex/generic/tex4ht/html5.4ht
version 2026-01-18-07:06
)
--------------------------------------
--- Note --- for marking of the base font, use the command line option `fonts+'

--------------------------------------
--------------------------------------
--- Note --- for non active _, use the command line option `no_'
--------------------------------------
--------------------------------------
--- Note --- for _ of catcode 13, use the command line option `_13'
--------------------------------------
--------------------------------------
--- Note --- for non active ^, use the command line option `no^'
--------------------------------------
--------------------------------------
--- Note --- for ^ of catcode 13, use the command line option `^13'
--------------------------------------
(/usr/local/texlive/2025/texmf-dist/tex/generic/tex4ht/html4.4ht
version 2026-01-04-08:10
--------------------------------------
--- Note --- to ignore CSS font decoration, use the `NoFonts' command line opti
on
--------------------------------------
--------------------------------------
--- Note --- for jpg bitmaps of pictures, use the `jpg' command line option. (C
haracter bitmaps are controled only by `g' records of tex4ht.env and `-g' switc
hes of tex4ht.c) 
--------------------------------------
--------------------------------------
--- Note --- for gif bitmaps of pictures, use the `gif' command line option. (C
haracter bitmaps are controled only by `g' records of tex4ht.env and `-g' switc
hes of tex4ht.c) 
--------------------------------------
--------------------------------------
--- Note --- for content and toc in 2 frames, use the command line option `fram
es'
--------------------------------------
--------------------------------------
--- Note --- for content, toc, and footnotes in 3 frames, use the command line 
option `frames-fn'
--------------------------------------
--------------------------------------
--- Note --- for file extension name xht, use the command line option `xht'
--------------------------------------
TeX4ht package options: xhtml,mathml,charset=utf-8,epub3,html5,uni-html4,html
--------------------------------------
--- Note --- To print a timestamp, use the command line option timestamp
--------------------------------------
--------------------------------------
--- Note --- to ignore CSS code, use the command line option `-css
--------------------------------------
--------------------------------------
--- Note --- for inline CSS code, use the command line option `css-in'
--------------------------------------
--------------------------------------
--- Note --- for pop ups on mouse over, use the command line option `mouseover'

--------------------------------------
--------------------------------------
--- Note --- for addressing images in a subdirectory, use the command line opti
on `imgdir:.../'
--------------------------------------
) (/usr/local/texlive/2025/texmf-dist/tex/generic/tex4ht/unicode.4ht
version 2026-01-04-08:10
) (/usr/local/texlive/2025/texmf-dist/tex/generic/tex4ht/mathml.4ht
version 2025-10-17-09:06
) (/usr/local/texlive/2025/texmf-dist/tex/generic/tex4ht/html-mml.4ht
version 2026-01-18-07:06
) (/usr/local/texlive/2025/texmf-dist/tex/generic/tex4ht/html5.4ht
version 2026-01-18-07:06
--------------------------------------
--- Note --- To print a timestamp, use the command line option timestamp
--------------------------------------
--------------------------------------
--- Note --- We use a default CSS style. Use the `nostyle' option if you want t
o use custom a CSS design
--------------------------------------
)
\:tokwrite=\toks57
\:tokpage=\toks58
--------------------------------------
--- Note --- for back links to toc, use the command line option `sections+'
--------------------------------------
--------------------------------------
--- Note --- for linear crosslinks of pages, use the command line option `next'

--------------------------------------
\openout15 = `ece657_ebook.4ct'.

\:tocout=\write5
\openout5 = `ece657_ebook.4tc'.

(ece657_ebook.4tc) (/usr/local/texlive/2025/texmf-dist/tex/generic/tex4ht/html4
.4ht
version 2026-01-04-08:10
) (/usr/local/texlive/2025/texmf-dist/tex/generic/tex4ht/unicode.4ht
version 2026-01-04-08:10
) (/usr/local/texlive/2025/texmf-dist/tex/generic/tex4ht/mathml.4ht
version 2025-10-17-09:06
) (/usr/local/texlive/2025/texmf-dist/tex/generic/tex4ht/html-mml.4ht
version 2026-01-18-07:06
) (/usr/local/texlive/2025/texmf-dist/tex/generic/tex4ht/html5.4ht
version 2026-01-18-07:06
) (/usr/local/texlive/2025/texmf-dist/tex/generic/tex4ht/latex.4ht
version 2025-12-04-13:51
LaTeX Info: Redefining \_ on input line 180.
LaTeX Info: Redefining \begin on input line 634.
LaTeX Info: Redefining \end on input line 682.
LaTeX Info: Redefining \, on input line 844.
LaTeX Info: Redefining \; on input line 845.
LaTeX Info: Redefining \! on input line 846.
LaTeX Info: Redefining \: on input line 847.
LaTeX Info: Redefining \> on input line 848.
--------------------------------------
--- Note --- for links into captions, instead of float heads, use the command l
ine option `refcaption'
--------------------------------------
(/usr/local/texlive/2025/texmf-dist/tex/generic/tex4ht/html4.4ht
version 2026-01-04-08:10
) (/usr/local/texlive/2025/texmf-dist/tex/generic/tex4ht/unicode.4ht
version 2026-01-04-08:10
) (/usr/local/texlive/2025/texmf-dist/tex/generic/tex4ht/mathml.4ht
version 2025-10-17-09:06
) (/usr/local/texlive/2025/texmf-dist/tex/generic/tex4ht/html-mml.4ht
version 2026-01-18-07:06
) (/usr/local/texlive/2025/texmf-dist/tex/generic/tex4ht/html5.4ht
version 2026-01-18-07:06
) (/usr/local/texlive/2025/texmf-dist/tex/generic/tex4ht/html4.4ht
version 2026-01-04-08:10
--------------------------------------
--- Note --- For mini tocs immediately aftter the header use the command line o
ption `minitoc<'
--------------------------------------
--------------------------------------
--- Note --- For full TOC on each page compatible with the collapsetoc DOM filt
er, use the `fulltoc' command line option.
--------------------------------------
--------------------------------------
--- Note --- for enumerated list elements with valued data, use the command lin
e option `enumerate+'
--------------------------------------
--------------------------------------
--- Note --- for enumerated list elements li's with value attributes, use the c
ommand line option `enumerate-'
--------------------------------------
--------------------------------------
--- Note --- for CSS2 code, use the command line option `css2'
--------------------------------------
--------------------------------------
--- Note --- for pictorial tabular, use the command line option `pic-tabular'
--------------------------------------
--------------------------------------
--- Note --- for bitmap fbox'es, use the command line option `pic-fbox'
--------------------------------------
--------------------------------------
--- Note --- for minipage with width, use the command line option `minipage-wid
th'
--------------------------------------
--------------------------------------
--- Note --- for bitmap framebox'es, use the command line option `pic-framebox'

--------------------------------------
--------------------------------------
--- Note --- for inline footnotes use command line option `fn-in'
--------------------------------------
--------------------------------------
--- Note --- for tracing of latex font commands, use the command line option `f
onts'
--------------------------------------
--------------------------------------
--- Note --- for width specifications of tabular p entries, use the `p-width' c
ommand line option or a configuration similar to \Configure{HColWidth}{\HCode{ 
style="width:\HColWidth"}}
--------------------------------------
) (/usr/local/texlive/2025/texmf-dist/tex/generic/tex4ht/unicode.4ht
version 2026-01-04-08:10
) (/usr/local/texlive/2025/texmf-dist/tex/generic/tex4ht/mathml.4ht
version 2025-10-17-09:06
) (/usr/local/texlive/2025/texmf-dist/tex/generic/tex4ht/html-mml.4ht
version 2026-01-18-07:06
) (/usr/local/texlive/2025/texmf-dist/tex/generic/tex4ht/html5.4ht
version 2026-01-18-07:06
)) (/usr/local/texlive/2025/texmf-dist/tex/generic/tex4ht/fontmath.4ht
version 2022-10-25-13:59
(/usr/local/texlive/2025/texmf-dist/tex/generic/tex4ht/html4.4ht
version 2026-01-04-08:10
) (/usr/local/texlive/2025/texmf-dist/tex/generic/tex4ht/unicode.4ht
version 2026-01-04-08:10
) (/usr/local/texlive/2025/texmf-dist/tex/generic/tex4ht/mathml.4ht
version 2025-10-17-09:06
\tmp:bx=\box98
LaTeX Font Info:    Trying to load font information for U+msa on input line 148
7.
(/usr/local/texlive/2025/texmf-dist/tex/latex/amsfonts/umsa.fd
File: umsa.fd 2013/01/14 v3.01 AMS symbols A
)
LaTeX Font Info:    Trying to load font information for U+msb on input line 148
7.
(/usr/local/texlive/2025/texmf-dist/tex/latex/amsfonts/umsb.fd
File: umsb.fd 2013/01/14 v3.01 AMS symbols B
)
Overfull \hbox (9102.55786pt too wide) in paragraph at lines 1487--1490
[][][][][][][][][][][][][][][][][][][][][][][][][][][][][][][][][][][][][][][][
][][][][][][][][][][][][][][][][][][][][][][][][][][][][][][][][][][][][][][][]
[][][][][][][][][][][][][][][][][][][][][][][][][][][][][][][][][][][][][][][][
][][][][][][][][][][][][][][][][][][][][][][][][][][][][][][][][][][]  
 []

) (/usr/local/texlive/2025/texmf-dist/tex/generic/tex4ht/html-mml.4ht
version 2026-01-18-07:06
) (/usr/local/texlive/2025/texmf-dist/tex/generic/tex4ht/html5.4ht
version 2026-01-18-07:06
)) (/usr/local/texlive/2025/texmf-dist/tex/latex/tex4ebook/tex4ebook.4ht
\opf:htmlid=\count370
\navpoint=\count371
(/usr/local/texlive/2025/texmf-dist/tex/latex/tex4ebook/tex4ebook-epub3.4ht
\:toccount=\count372
\footnotebox=\box99
)) (/usr/local/texlive/2025/texmf-dist/tex/generic/tex4ht/graphicx.4ht
version 2022-01-12-13:53
(/usr/local/texlive/2025/texmf-dist/tex/generic/tex4ht/html4.4ht
version 2026-01-04-08:10
) (/usr/local/texlive/2025/texmf-dist/tex/generic/tex4ht/unicode.4ht
version 2026-01-04-08:10
) (/usr/local/texlive/2025/texmf-dist/tex/generic/tex4ht/mathml.4ht
version 2025-10-17-09:06
) (/usr/local/texlive/2025/texmf-dist/tex/generic/tex4ht/html-mml.4ht
version 2026-01-18-07:06
) (/usr/local/texlive/2025/texmf-dist/tex/generic/tex4ht/html5.4ht
version 2026-01-18-07:06
)) (/usr/local/texlive/2025/texmf-dist/tex/generic/tex4ht/graphics.4ht
version 2024-03-07-13:56
(/usr/local/texlive/2025/texmf-dist/tex/generic/tex4ht/html4.4ht
version 2026-01-04-08:10
--------------------------------------
--- Note --- if included graphics are of degraded quality, try the command line
 options `graphics-num' or `graphics-'. The `num' should provide the density of
 pixels in the bitmaps (e.g., 110). 
--------------------------------------
--------------------------------------
--- Note --- for setting image dimensions, try the option `Gin-dim'; to use per
cents instead of units, use `Gin-perecent'; for key dimensions when bounding bo
x is unavailable try `Gin-dim+'; neither is recommended
--------------------------------------
) (/usr/local/texlive/2025/texmf-dist/tex/generic/tex4ht/unicode.4ht
version 2026-01-04-08:10
) (/usr/local/texlive/2025/texmf-dist/tex/generic/tex4ht/mathml.4ht
version 2025-10-17-09:06
) (/usr/local/texlive/2025/texmf-dist/tex/generic/tex4ht/html-mml.4ht
version 2026-01-18-07:06
) (/usr/local/texlive/2025/texmf-dist/tex/generic/tex4ht/html5.4ht
version 2026-01-18-07:06
)) (/usr/local/texlive/2025/texmf-dist/tex/generic/tex4ht/dvips.4ht
version 2009-05-21-09:32
(/usr/local/texlive/2025/texmf-dist/tex/generic/tex4ht/html4.4ht
version 2026-01-04-08:10
) (/usr/local/texlive/2025/texmf-dist/tex/generic/tex4ht/unicode.4ht
version 2026-01-04-08:10
) (/usr/local/texlive/2025/texmf-dist/tex/generic/tex4ht/mathml.4ht
version 2025-10-17-09:06
) (/usr/local/texlive/2025/texmf-dist/tex/generic/tex4ht/html-mml.4ht
version 2026-01-18-07:06
) (/usr/local/texlive/2025/texmf-dist/tex/generic/tex4ht/html5.4ht
version 2026-01-18-07:06
)) (/usr/local/texlive/2025/texmf-dist/tex/generic/tex4ht/article.4ht
version 2023-04-10-13:46
(/usr/local/texlive/2025/texmf-dist/tex/generic/tex4ht/html4.4ht
version 2026-01-04-08:10
--------------------------------------
--- Note --- for automatic sectioning pagination, use the command line option `
1', `2', `3', '4', '5', '6', or '7'
--------------------------------------
--------------------------------------
--- Note --- for files named derived from section titles, use the command line 
option `sec-filename'
--------------------------------------
--------------------------------------
--- Note --- for i-columns index, use the command line option `index=i' (e.g., 
index=2)
--------------------------------------
) (/usr/local/texlive/2025/texmf-dist/tex/generic/tex4ht/unicode.4ht
version 2026-01-04-08:10
) (/usr/local/texlive/2025/texmf-dist/tex/generic/tex4ht/mathml.4ht
version 2025-10-17-09:06
) (/usr/local/texlive/2025/texmf-dist/tex/generic/tex4ht/html-mml.4ht
version 2026-01-18-07:06
) (/usr/local/texlive/2025/texmf-dist/tex/generic/tex4ht/html5.4ht
version 2026-01-18-07:06
)) (/usr/local/texlive/2025/texmf-dist/tex/generic/tex4ht/amsmath.4ht
version 2025-12-11-13:10
\tmp:muskip=\muskip19
(/usr/local/texlive/2025/texmf-dist/tex/generic/tex4ht/html4.4ht
version 2026-01-04-08:10
) (/usr/local/texlive/2025/texmf-dist/tex/generic/tex4ht/unicode.4ht
version 2026-01-04-08:10
) (/usr/local/texlive/2025/texmf-dist/tex/generic/tex4ht/mathml.4ht
version 2025-10-17-09:06
) (/usr/local/texlive/2025/texmf-dist/tex/generic/tex4ht/html-mml.4ht
version 2026-01-18-07:06
) (/usr/local/texlive/2025/texmf-dist/tex/generic/tex4ht/html5.4ht
version 2026-01-18-07:06
)) (/usr/local/texlive/2025/texmf-dist/tex/generic/tex4ht/amstext.4ht
version 2009-05-21-09:32
(/usr/local/texlive/2025/texmf-dist/tex/generic/tex4ht/html4.4ht
version 2026-01-04-08:10
) (/usr/local/texlive/2025/texmf-dist/tex/generic/tex4ht/unicode.4ht
version 2026-01-04-08:10
) (/usr/local/texlive/2025/texmf-dist/tex/generic/tex4ht/mathml.4ht
version 2025-10-17-09:06
) (/usr/local/texlive/2025/texmf-dist/tex/generic/tex4ht/html-mml.4ht
version 2026-01-18-07:06
) (/usr/local/texlive/2025/texmf-dist/tex/generic/tex4ht/html5.4ht
version 2026-01-18-07:06
)) (/usr/local/texlive/2025/texmf-dist/tex/generic/tex4ht/amsbsy.4ht
version 2009-05-21-09:32
(/usr/local/texlive/2025/texmf-dist/tex/generic/tex4ht/html4.4ht
version 2026-01-04-08:10
) (/usr/local/texlive/2025/texmf-dist/tex/generic/tex4ht/unicode.4ht
version 2026-01-04-08:10
) (/usr/local/texlive/2025/texmf-dist/tex/generic/tex4ht/mathml.4ht
version 2025-10-17-09:06
) (/usr/local/texlive/2025/texmf-dist/tex/generic/tex4ht/html-mml.4ht
version 2026-01-18-07:06
) (/usr/local/texlive/2025/texmf-dist/tex/generic/tex4ht/html5.4ht
version 2026-01-18-07:06
)) (/usr/local/texlive/2025/texmf-dist/tex/generic/tex4ht/amsopn.4ht
version 2009-05-21-09:32
(/usr/local/texlive/2025/texmf-dist/tex/generic/tex4ht/html4.4ht
version 2026-01-04-08:10
) (/usr/local/texlive/2025/texmf-dist/tex/generic/tex4ht/unicode.4ht
version 2026-01-04-08:10
) (/usr/local/texlive/2025/texmf-dist/tex/generic/tex4ht/mathml.4ht
version 2025-10-17-09:06
) (/usr/local/texlive/2025/texmf-dist/tex/generic/tex4ht/html-mml.4ht
version 2026-01-18-07:06
) (/usr/local/texlive/2025/texmf-dist/tex/generic/tex4ht/html5.4ht
version 2026-01-18-07:06
)) (/usr/local/texlive/2025/texmf-dist/tex/generic/tex4ht/amssymb.4ht
version 2009-05-21-09:32
(/usr/local/texlive/2025/texmf-dist/tex/generic/tex4ht/html4.4ht
version 2026-01-04-08:10
) (/usr/local/texlive/2025/texmf-dist/tex/generic/tex4ht/unicode.4ht
version 2026-01-04-08:10
) (/usr/local/texlive/2025/texmf-dist/tex/generic/tex4ht/mathml.4ht
version 2025-10-17-09:06

Overfull \hbox (11223.48193pt too wide) in paragraph at lines 3576--3780
[][][][][][][][][][][][][][][][][][][][][][][][][][][][][][][][][][][][][][][][
][][][][][][][][][][][][][][][][][][][][][][][][][][][][][][][][][][][][][][][]
[][][][][][][][][][][][][][][][][][][][][][][][][][][][][][][][][][][][][][][][
][][][][][][][][][][][][][][][][][][][][][][][][][][][][][][][][][][][][][][][]
[][][][][][][][][][][][][][][][][][][][][][][][][][][][][][][][][][][][][][][][
][][][][][][][][][][][][][][][][][][][][][][][][][][][][][][][][][][][][][][][]
[][][][][][][][][][][][][][][][][][][][][][][][][][][][][][][][][][][][][][][][
][][][][][][][][][][][][][][][][][][][][][][][][][][][][][][][][][][][][][][][]
[][][][][][][][][][][][][][][][][][][][][][][][][][][][][][][][][][][][][][][][
][][][][][][][][][][][][][][][][][][][][][][][][][][][][][][][][][][][][][][][]
[][][][][][][][][][][][][][][][][][][][][][][][][][][][][][][][][][][][][][][][
][][][][][][][][][][][][][][][][][][][][][][][][][][][][][][][][][][][][][][][]
[][][][][][][][][][][][][][][][][][][][][][][][][][][][][][][][][][][][][][][][
][][][][][][][][][][][][][][][][][][][][][][][][][][][][][][][][][][][][][][][]
[][][][][][][][][][][][][][][][][][][][][][][][][][][][][][][][][][][][][][][][
][][][][][][][][][][][][][][][][][][][][][][][][][][][][][][][][][][][][][][][]
[][][][][][][][][][][][][][][][][][][][][][][][][][][][][][][][][][][][][][][][
][][][][][][][][][][][][][][][][][][][][][][][][][][][][][][][][][][][][][][][]
 [][][][][][][][][][][][][][][][][][][][][][][][][][][][][][][][][][][][][][][]
[][][][][][][][][][][][][][][][][][][][][][][][][][][][][][][][][][][][][][][][
][][][][][][][][][][][][][][][][][][][][][][][][][][][][][][][][][][][][][][][]
[][][][][][][][][][][][][][][][][][][][][][][][][][][][][][][][][][][][][][][][
][][][][][][][][][][][][][][][][][][][][][][][][][][][][][][][][][][][][][][][]
[][][][][][][][][][][][][][][][][][][][][][][][][][][][][][][][][][][][][][][][
][][][][][][][][][][][][][][][][][][][][][][][][][][][][][][][][][][][][][][][]
[][][][][][][][][][][][][][][][][][][][][][][][][][][][][][][][][][][][][][][][
][][][][][][][][][][][][][][][][][][][][][][][][][][][][][][][][][][][][][][][]
[][][][][][][][][][][][][][][][][][][][][][][][][][][][][][][][][][][][][][][][
][][][][][][][][][][][][][][][][][][][][][][][][][][][][][][][][][][][][][][][]
[][][][][][][][][][][][][][][][][][][][][][][][][][][][][][][][][][][][][][][][
][][][][][][][][][][][][][][][][][][][][][][][][][][][][][][][][][][][][]  
 []

) (/usr/local/texlive/2025/texmf-dist/tex/generic/tex4ht/html-mml.4ht
version 2026-01-18-07:06
) (/usr/local/texlive/2025/texmf-dist/tex/generic/tex4ht/html5.4ht
version 2026-01-18-07:06
)) (/usr/local/texlive/2025/texmf-dist/tex/generic/tex4ht/amsfonts.4ht
version 2024-11-03-05:51
(/usr/local/texlive/2025/texmf-dist/tex/generic/tex4ht/html4.4ht
version 2026-01-04-08:10
) (/usr/local/texlive/2025/texmf-dist/tex/generic/tex4ht/unicode.4ht
version 2026-01-04-08:10
) (/usr/local/texlive/2025/texmf-dist/tex/generic/tex4ht/mathml.4ht
version 2025-10-17-09:06
) (/usr/local/texlive/2025/texmf-dist/tex/generic/tex4ht/html-mml.4ht
version 2026-01-18-07:06
) (/usr/local/texlive/2025/texmf-dist/tex/generic/tex4ht/html5.4ht
version 2026-01-18-07:06
)) (/usr/local/texlive/2025/texmf-dist/tex/generic/tex4ht/amsthm.4ht
version 2009-05-21-09:32
(/usr/local/texlive/2025/texmf-dist/tex/generic/tex4ht/html4.4ht
version 2026-01-04-08:10
) (/usr/local/texlive/2025/texmf-dist/tex/generic/tex4ht/unicode.4ht
version 2026-01-04-08:10
) (/usr/local/texlive/2025/texmf-dist/tex/generic/tex4ht/mathml.4ht
version 2025-10-17-09:06
) (/usr/local/texlive/2025/texmf-dist/tex/generic/tex4ht/html-mml.4ht
version 2026-01-18-07:06
) (/usr/local/texlive/2025/texmf-dist/tex/generic/tex4ht/html5.4ht
version 2026-01-18-07:06
)) (/usr/local/texlive/2025/texmf-dist/tex/generic/tex4ht/physics.4ht
version 2023-03-07-14:49
(/usr/local/texlive/2025/texmf-dist/tex/generic/tex4ht/html4.4ht
version 2026-01-04-08:10
) (/usr/local/texlive/2025/texmf-dist/tex/generic/tex4ht/unicode.4ht
version 2026-01-04-08:10
) (/usr/local/texlive/2025/texmf-dist/tex/generic/tex4ht/mathml.4ht
version 2025-10-17-09:06
) (/usr/local/texlive/2025/texmf-dist/tex/generic/tex4ht/html-mml.4ht
version 2026-01-18-07:06
) (/usr/local/texlive/2025/texmf-dist/tex/generic/tex4ht/html5.4ht
version 2026-01-18-07:06
)) (/usr/local/texlive/2025/texmf-dist/tex/generic/tex4ht/siunitx.4ht
version 2024-01-21-13:28
(/usr/local/texlive/2025/texmf-dist/tex/generic/tex4ht/html4.4ht
version 2026-01-04-08:10
) (/usr/local/texlive/2025/texmf-dist/tex/generic/tex4ht/unicode.4ht
version 2026-01-04-08:10
) (/usr/local/texlive/2025/texmf-dist/tex/generic/tex4ht/mathml.4ht
version 2025-10-17-09:06
) (/usr/local/texlive/2025/texmf-dist/tex/generic/tex4ht/html-mml.4ht
version 2026-01-18-07:06
) (/usr/local/texlive/2025/texmf-dist/tex/generic/tex4ht/html5.4ht
version 2026-01-18-07:06
)) (/usr/local/texlive/2025/texmf-dist/tex/generic/tex4ht/array.4ht
version 2025-08-14-13:28
(/usr/local/texlive/2025/texmf-dist/tex/generic/tex4ht/html4.4ht
version 2026-01-04-08:10
) (/usr/local/texlive/2025/texmf-dist/tex/generic/tex4ht/unicode.4ht
version 2026-01-04-08:10
) (/usr/local/texlive/2025/texmf-dist/tex/generic/tex4ht/mathml.4ht
version 2025-10-17-09:06
) (/usr/local/texlive/2025/texmf-dist/tex/generic/tex4ht/html-mml.4ht
version 2026-01-18-07:06
) (/usr/local/texlive/2025/texmf-dist/tex/generic/tex4ht/html5.4ht
version 2026-01-18-07:06
)) (/usr/local/texlive/2025/texmf-dist/tex/generic/tex4ht/hyperref.4ht
version 2025-10-29-12:48
LaTeX Info: Redefining \autoref on input line 88.
\Hy@SectionHShift=\skip65
(/usr/local/texlive/2025/texmf-dist/tex/generic/tex4ht/html4.4ht
version 2026-01-04-08:10
) (/usr/local/texlive/2025/texmf-dist/tex/generic/tex4ht/unicode.4ht
version 2026-01-04-08:10
) (/usr/local/texlive/2025/texmf-dist/tex/generic/tex4ht/mathml.4ht
version 2025-10-17-09:06
) (/usr/local/texlive/2025/texmf-dist/tex/generic/tex4ht/html-mml.4ht
version 2026-01-18-07:06
) (/usr/local/texlive/2025/texmf-dist/tex/generic/tex4ht/html5.4ht
version 2026-01-18-07:06
)) (/usr/local/texlive/2025/texmf-dist/tex/generic/tex4ht/nameref.4ht
version 2025-03-03-13:56
(/usr/local/texlive/2025/texmf-dist/tex/generic/tex4ht/html4.4ht
version 2026-01-04-08:10
) (/usr/local/texlive/2025/texmf-dist/tex/generic/tex4ht/unicode.4ht
version 2026-01-04-08:10
) (/usr/local/texlive/2025/texmf-dist/tex/generic/tex4ht/mathml.4ht
version 2025-10-17-09:06
) (/usr/local/texlive/2025/texmf-dist/tex/generic/tex4ht/html-mml.4ht
version 2026-01-18-07:06
) (/usr/local/texlive/2025/texmf-dist/tex/generic/tex4ht/html5.4ht
version 2026-01-18-07:06
)) (/usr/local/texlive/2025/texmf-dist/tex/generic/tex4ht/pd1enc.4ht
version 2009-05-21-09:32
(/usr/local/texlive/2025/texmf-dist/tex/generic/tex4ht/html4.4ht
version 2026-01-04-08:10
) (/usr/local/texlive/2025/texmf-dist/tex/generic/tex4ht/unicode.4ht
version 2026-01-04-08:10
) (/usr/local/texlive/2025/texmf-dist/tex/generic/tex4ht/mathml.4ht
version 2025-10-17-09:06
) (/usr/local/texlive/2025/texmf-dist/tex/generic/tex4ht/html-mml.4ht
version 2026-01-18-07:06
) (/usr/local/texlive/2025/texmf-dist/tex/generic/tex4ht/html5.4ht
version 2026-01-18-07:06
)) (/usr/local/texlive/2025/texmf-dist/tex/generic/tex4ht/url.4ht
version 2025-07-11-09:25
(/usr/local/texlive/2025/texmf-dist/tex/generic/tex4ht/html4.4ht
version 2026-01-04-08:10
--------------------------------------
--- Note --- for URL encoding within href use the command line option `url-enc'

--------------------------------------
) (/usr/local/texlive/2025/texmf-dist/tex/generic/tex4ht/unicode.4ht
version 2026-01-04-08:10
) (/usr/local/texlive/2025/texmf-dist/tex/generic/tex4ht/mathml.4ht
version 2025-10-17-09:06
) (/usr/local/texlive/2025/texmf-dist/tex/generic/tex4ht/html-mml.4ht
version 2026-01-18-07:06
) (/usr/local/texlive/2025/texmf-dist/tex/generic/tex4ht/html5.4ht
version 2026-01-18-07:06
)) (/usr/local/texlive/2025/texmf-dist/tex/generic/tex4ht/cleveref.4ht
version 2023-05-18-14:15
(/usr/local/texlive/2025/texmf-dist/tex/generic/tex4ht/html4.4ht
version 2026-01-04-08:10
) (/usr/local/texlive/2025/texmf-dist/tex/generic/tex4ht/unicode.4ht
version 2026-01-04-08:10
) (/usr/local/texlive/2025/texmf-dist/tex/generic/tex4ht/mathml.4ht
version 2025-10-17-09:06
) (/usr/local/texlive/2025/texmf-dist/tex/generic/tex4ht/html-mml.4ht
version 2026-01-18-07:06
) (/usr/local/texlive/2025/texmf-dist/tex/generic/tex4ht/html5.4ht
version 2026-01-18-07:06
)) (/usr/local/texlive/2025/texmf-dist/tex/generic/tex4ht/enumitem.4ht
version 2024-09-09-13:35
(/usr/local/texlive/2025/texmf-dist/tex/generic/tex4ht/html4.4ht
version 2026-01-04-08:10
) (/usr/local/texlive/2025/texmf-dist/tex/generic/tex4ht/unicode.4ht
version 2026-01-04-08:10
) (/usr/local/texlive/2025/texmf-dist/tex/generic/tex4ht/mathml.4ht
version 2025-10-17-09:06
) (/usr/local/texlive/2025/texmf-dist/tex/generic/tex4ht/html-mml.4ht
version 2026-01-18-07:06
) (/usr/local/texlive/2025/texmf-dist/tex/generic/tex4ht/html5.4ht
version 2026-01-18-07:06
)) (/usr/local/texlive/2025/texmf-dist/tex/generic/tex4ht/caption.4ht
version 2024-11-11-13:40
(/usr/local/texlive/2025/texmf-dist/tex/generic/tex4ht/html4.4ht
version 2026-01-04-08:10
) (/usr/local/texlive/2025/texmf-dist/tex/generic/tex4ht/unicode.4ht
version 2026-01-04-08:10
) (/usr/local/texlive/2025/texmf-dist/tex/generic/tex4ht/mathml.4ht
version 2025-10-17-09:06
) (/usr/local/texlive/2025/texmf-dist/tex/generic/tex4ht/html-mml.4ht
version 2026-01-18-07:06
) (/usr/local/texlive/2025/texmf-dist/tex/generic/tex4ht/html5.4ht
version 2026-01-18-07:06
)) (/usr/local/texlive/2025/texmf-dist/tex/generic/tex4ht/subcaption.4ht
version 2023-06-08-13:14
(/usr/local/texlive/2025/texmf-dist/tex/generic/tex4ht/html4.4ht
version 2026-01-04-08:10
) (/usr/local/texlive/2025/texmf-dist/tex/generic/tex4ht/unicode.4ht
version 2026-01-04-08:10
) (/usr/local/texlive/2025/texmf-dist/tex/generic/tex4ht/mathml.4ht
version 2025-10-17-09:06
) (/usr/local/texlive/2025/texmf-dist/tex/generic/tex4ht/html-mml.4ht
version 2026-01-18-07:06
) (/usr/local/texlive/2025/texmf-dist/tex/generic/tex4ht/html5.4ht
version 2026-01-18-07:06
)) (/usr/local/texlive/2025/texmf-dist/tex/generic/tex4ht/titlesec.4ht
version 2021-03-02-13:43
(/usr/local/texlive/2025/texmf-dist/tex/generic/tex4ht/html4.4ht
version 2026-01-04-08:10
) (/usr/local/texlive/2025/texmf-dist/tex/generic/tex4ht/unicode.4ht
version 2026-01-04-08:10
) (/usr/local/texlive/2025/texmf-dist/tex/generic/tex4ht/mathml.4ht
version 2025-10-17-09:06
) (/usr/local/texlive/2025/texmf-dist/tex/generic/tex4ht/html-mml.4ht
version 2026-01-18-07:06
) (/usr/local/texlive/2025/texmf-dist/tex/generic/tex4ht/html5.4ht
version 2026-01-18-07:06
)) (/usr/local/texlive/2025/texmf-dist/tex/generic/tex4ht/xcolor.4ht
version 2025-06-05-13:26
(/usr/local/texlive/2025/texmf-dist/tex/generic/tex4ht/color.4ht
version 2025-06-05-13:26
(/usr/local/texlive/2025/texmf-dist/tex/generic/tex4ht/html4.4ht
version 2026-01-04-08:10
) (/usr/local/texlive/2025/texmf-dist/tex/generic/tex4ht/unicode.4ht
version 2026-01-04-08:10
) (/usr/local/texlive/2025/texmf-dist/tex/generic/tex4ht/mathml.4ht
version 2025-10-17-09:06
) (/usr/local/texlive/2025/texmf-dist/tex/generic/tex4ht/html-mml.4ht
version 2026-01-18-07:06
) (/usr/local/texlive/2025/texmf-dist/tex/generic/tex4ht/html5.4ht
version 2026-01-18-07:06
)) (/usr/local/texlive/2025/texmf-dist/tex/generic/tex4ht/html4.4ht
version 2026-01-04-08:10
) (/usr/local/texlive/2025/texmf-dist/tex/generic/tex4ht/unicode.4ht
version 2026-01-04-08:10
) (/usr/local/texlive/2025/texmf-dist/tex/generic/tex4ht/mathml.4ht
version 2025-10-17-09:06
) (/usr/local/texlive/2025/texmf-dist/tex/generic/tex4ht/html-mml.4ht
version 2026-01-18-07:06
) (/usr/local/texlive/2025/texmf-dist/tex/generic/tex4ht/html5.4ht
version 2026-01-18-07:06
)) (/usr/local/texlive/2025/texmf-dist/tex/generic/tex4ht/color.4ht
version 2025-06-05-13:26
) (/usr/local/texlive/2025/texmf-dist/tex/generic/tex4ht/booktabs.4ht
version 2009-05-21-09:32
(/usr/local/texlive/2025/texmf-dist/tex/generic/tex4ht/html4.4ht
version 2026-01-04-08:10
) (/usr/local/texlive/2025/texmf-dist/tex/generic/tex4ht/unicode.4ht
version 2026-01-04-08:10
) (/usr/local/texlive/2025/texmf-dist/tex/generic/tex4ht/mathml.4ht
version 2025-10-17-09:06
) (/usr/local/texlive/2025/texmf-dist/tex/generic/tex4ht/html-mml.4ht
version 2026-01-18-07:06
) (/usr/local/texlive/2025/texmf-dist/tex/generic/tex4ht/html5.4ht
version 2026-01-18-07:06
)) (/usr/local/texlive/2025/texmf-dist/tex/generic/tex4ht/tabularx.4ht
version 2009-05-21-09:32
(/usr/local/texlive/2025/texmf-dist/tex/generic/tex4ht/html4.4ht
version 2026-01-04-08:10
) (/usr/local/texlive/2025/texmf-dist/tex/generic/tex4ht/unicode.4ht
version 2026-01-04-08:10
) (/usr/local/texlive/2025/texmf-dist/tex/generic/tex4ht/mathml.4ht
version 2025-10-17-09:06
) (/usr/local/texlive/2025/texmf-dist/tex/generic/tex4ht/html-mml.4ht
version 2026-01-18-07:06
) (/usr/local/texlive/2025/texmf-dist/tex/generic/tex4ht/html5.4ht
version 2026-01-18-07:06
)) (/usr/local/texlive/2025/texmf-dist/tex/generic/tex4ht/pgf.4ht
version 2009-05-21-09:32
(/usr/local/texlive/2025/texmf-dist/tex/generic/tex4ht/html4.4ht
version 2026-01-04-08:10
) (/usr/local/texlive/2025/texmf-dist/tex/generic/tex4ht/unicode.4ht
version 2026-01-04-08:10
) (/usr/local/texlive/2025/texmf-dist/tex/generic/tex4ht/mathml.4ht
version 2025-10-17-09:06
) (/usr/local/texlive/2025/texmf-dist/tex/generic/tex4ht/html-mml.4ht
version 2026-01-18-07:06
) (/usr/local/texlive/2025/texmf-dist/tex/generic/tex4ht/html5.4ht
version 2026-01-18-07:06
)) (/usr/local/texlive/2025/texmf-dist/tex/generic/tex4ht/natbib.4ht
version 2025-12-27-13:46
(/usr/local/texlive/2025/texmf-dist/tex/generic/tex4ht/html4.4ht
version 2026-01-04-08:10
) (/usr/local/texlive/2025/texmf-dist/tex/generic/tex4ht/unicode.4ht
version 2026-01-04-08:10
) (/usr/local/texlive/2025/texmf-dist/tex/generic/tex4ht/mathml.4ht
version 2025-10-17-09:06
) (/usr/local/texlive/2025/texmf-dist/tex/generic/tex4ht/html-mml.4ht
version 2026-01-18-07:06
) (/usr/local/texlive/2025/texmf-dist/tex/generic/tex4ht/html5.4ht
version 2026-01-18-07:06
)) (/usr/local/texlive/2025/texmf-dist/tex/generic/tex4ht/tcolorbox.4ht
version 2025-09-14-08:32
\c@:tcbcolcount=\count373
(/usr/local/texlive/2025/texmf-dist/tex/generic/tex4ht/html4.4ht
version 2026-01-04-08:10
) (/usr/local/texlive/2025/texmf-dist/tex/generic/tex4ht/unicode.4ht
version 2026-01-04-08:10
) (/usr/local/texlive/2025/texmf-dist/tex/generic/tex4ht/mathml.4ht
version 2025-10-17-09:06
) (/usr/local/texlive/2025/texmf-dist/tex/generic/tex4ht/html-mml.4ht
version 2026-01-18-07:06
) (/usr/local/texlive/2025/texmf-dist/tex/generic/tex4ht/html5.4ht
version 2026-01-18-07:06
)) (/usr/local/texlive/2025/texmf-dist/tex/generic/tex4ht/verbatim.4ht
version 2021-07-04-09:13
(/usr/local/texlive/2025/texmf-dist/tex/generic/tex4ht/html4.4ht
version 2026-01-04-08:10
) (/usr/local/texlive/2025/texmf-dist/tex/generic/tex4ht/unicode.4ht
version 2026-01-04-08:10
) (/usr/local/texlive/2025/texmf-dist/tex/generic/tex4ht/mathml.4ht
version 2025-10-17-09:06
) (/usr/local/texlive/2025/texmf-dist/tex/generic/tex4ht/html-mml.4ht
version 2026-01-18-07:06
) (/usr/local/texlive/2025/texmf-dist/tex/generic/tex4ht/html5.4ht
version 2026-01-18-07:06
)) (/usr/local/texlive/2025/texmf-dist/tex/generic/tex4ht/listings.4ht
version 2025-02-27-12:30
(/usr/local/texlive/2025/texmf-dist/tex/generic/tex4ht/html4.4ht
version 2026-01-04-08:10
--------------------------------------
--- Note --- to ensure proper alignments use fixed size fonts (see listings.dtx
)
--------------------------------------
) (/usr/local/texlive/2025/texmf-dist/tex/generic/tex4ht/unicode.4ht
version 2026-01-04-08:10
) (/usr/local/texlive/2025/texmf-dist/tex/generic/tex4ht/mathml.4ht
version 2025-10-17-09:06
) (/usr/local/texlive/2025/texmf-dist/tex/generic/tex4ht/html-mml.4ht
version 2026-01-18-07:06
) (/usr/local/texlive/2025/texmf-dist/tex/generic/tex4ht/html5.4ht
version 2026-01-18-07:06
)) (/usr/local/texlive/2025/texmf-dist/tex/generic/tex4ht/html4.4ht
version 2026-01-04-08:10
) (/usr/local/texlive/2025/texmf-dist/tex/generic/tex4ht/unicode.4ht
version 2026-01-04-08:10
) (/usr/local/texlive/2025/texmf-dist/tex/generic/tex4ht/mathml.4ht
version 2025-10-17-09:06
) (/usr/local/texlive/2025/texmf-dist/tex/generic/tex4ht/html-mml.4ht
version 2026-01-18-07:06
) (/usr/local/texlive/2025/texmf-dist/tex/generic/tex4ht/html5.4ht
version 2026-01-18-07:06
))
Package translations Info: No language package found. I am going to use `englis
h' as default language. on input line 199.
(./ece657_ebook.aux)
\openout1 = `ece657_ebook.aux'.

LaTeX Font Info:    Checking defaults for OML/cmm/m/it on input line 199.
LaTeX Font Info:    ... okay on input line 199.
LaTeX Font Info:    Checking defaults for OMS/cmsy/m/n on input line 199.
LaTeX Font Info:    ... okay on input line 199.
LaTeX Font Info:    Checking defaults for OT1/cmr/m/n on input line 199.
LaTeX Font Info:    ... okay on input line 199.
LaTeX Font Info:    Checking defaults for T1/cmr/m/n on input line 199.
LaTeX Font Info:    ..